Added Component: Designator=C3(C1206)
Added Component: Designator=C54(C1206)
Added Component: Designator=C55(1608[0603]_CAP)
Added Component: Designator=C56(C1206)
Added Component: Designator=C57(C1206)
Added Component: Designator=C58(1608[0603]_CAP)
Added Component: Designator=R19(1608[0603]_RES)
Added Component: Designator=R20(1608[0603]_RES)
Added Component: Designator=R21(1608[0603]_RES)
Added Component: Designator=U7(LT-DCB-6_V)
Added Component: Designator=U8(LT-DCB-6_V)
Added Component: Designator=U9(LT-DD-10_V)
Added Pin To Net: NetName=GND Pin=C3-2
Added Pin To Net: NetName=+2.5ANALOG Pin=C54-1
Added Pin To Net: NetName=GND Pin=C54-2
Added Pin To Net: NetName=GND Pin=C55-2
Added Pin To Net: NetName=GND Pin=C56-2
Added Pin To Net: NetName=+5ANALOG Pin=C57-1
Added Pin To Net: NetName=GND Pin=C57-2
Added Pin To Net: NetName=GND Pin=C58-2
Added Pin To Net: NetName=GND Pin=R19-2
Added Pin To Net: NetName=GND Pin=R21-1
Added Pin To Net: NetName=+2.5ANALOG Pin=U7-1
Added Pin To Net: NetName=+2.5ANALOG Pin=U7-2
Added Pin To Net: NetName=+2.5ANALOG Pin=U7-7
Added Pin To Net: NetName=+5ANALOG Pin=U8-1
Added Pin To Net: NetName=+5ANALOG Pin=U8-2
Added Pin To Net: NetName=+5ANALOG Pin=U8-7
Added Pin To Net: NetName=NetC55_1 Pin=C55-1
Added Pin To Net: NetName=NetC55_1 Pin=R19-1
Added Pin To Net: NetName=NetC55_1 Pin=U7-3
Added Net: Name=NetC55_1
Added Pin To Net: NetName=NetC58_1 Pin=C58-1
Added Pin To Net: NetName=NetC58_1 Pin=R20-2
Added Pin To Net: NetName=NetC58_1 Pin=U8-3
Added Net: Name=NetC58_1
Added Pin To Net: NetName=NetR20_1 Pin=R20-1
Added Pin To Net: NetName=NetR20_1 Pin=R21-2
Added Net: Name=NetR20_1
Added Pin To Net: NetName=V_IN Pin=C3-1
Added Pin To Net: NetName=V_IN Pin=C56-1
Added Pin To Net: NetName=V_IN Pin=U7-4
Added Pin To Net: NetName=V_IN Pin=U7-5
Added Pin To Net: NetName=V_IN Pin=U7-6
Added Pin To Net: NetName=V_IN Pin=U8-4
Added Pin To Net: NetName=V_IN Pin=U8-5
Added Pin To Net: NetName=V_IN Pin=U8-6
Added Net: Name=V_IN
Added Class: Name=Power
Added Room: Name=Power
