Added Component: Designator=C1(1608[0603]_CAP)
Added Component: Designator=C2(C1206)
Added Component: Designator=C3(1608[0603]_CAP)
Added Component: Designator=C4(1608[0603]_CAP)
Added Component: Designator=C5(C1206)
Added Component: Designator=C6(C1206)
Added Component: Designator=C7(C1206)
Added Component: Designator=C8(C1206)
Added Component: Designator=C9(C1206)
Added Component: Designator=C10(C1206)
Added Component: Designator=C11(C1206)
Added Component: Designator=C12(C1206)
Added Component: Designator=C13(C1206)
Added Component: Designator=C14(C1206)
Added Component: Designator=C15(C1206)
Added Component: Designator=C16(C1206)
Added Component: Designator=C17(C1206)
Added Component: Designator=C18(C1206)
Added Component: Designator=C19(C1206)
Added Component: Designator=C20(C1206)
Added Component: Designator=C21(C1206)
Added Component: Designator=C22(C1206)
Added Component: Designator=C23(C1206)
Added Component: Designator=C24(C1206)
Added Component: Designator=C25(C1206)
Added Component: Designator=C26(C1206)
Added Component: Designator=C27(C1206)
Added Component: Designator=C28(C1206)
Added Component: Designator=C29(C1206)
Added Component: Designator=C30(1608[0603]_CAP)
Added Component: Designator=C31(C1206)
Added Component: Designator=C32(C1206)
Added Component: Designator=C33(C1206)
Added Component: Designator=C34(C1206)
Added Component: Designator=C35(C1206)
Added Component: Designator=C36(C1206)
Added Component: Designator=C37(C1206)
Added Component: Designator=C38(C1206)
Added Component: Designator=C39(C1206)
Added Component: Designator=C40(C1206)
Added Component: Designator=C41(C1206)
Added Component: Designator=C42(C1206)
Added Component: Designator=C43(1608[0603]_CAP)
Added Component: Designator=C44(0805_CAP)
Added Component: Designator=C45(1608[0603]_CAP)
Added Component: Designator=C46(1608[0603]_CAP)
Added Component: Designator=C47(1608[0603]_CAP)
Added Component: Designator=C48(1608[0603]_CAP)
Added Component: Designator=C49(1608[0603]_CAP)
Added Component: Designator=C50(1608[0603]_CAP)
Added Component: Designator=C51(1608[0603]_CAP)
Added Component: Designator=D1(PMEG4010BEA)
Added Component: Designator=D2(DA2JF8100L)
Added Component: Designator=D3(DA2JF8100L)
Added Component: Designator=D4(DA2JF8100L)
Added Component: Designator=D5(DA2JF8100L)
Added Component: Designator=D6(DA2JF8100L)
Added Component: Designator=D7(DA2JF8100L)
Added Component: Designator=D8(DA2JF8100L)
Added Component: Designator=D9(DA2JF8100L)
Added Component: Designator=D10(DA2JF8100L)
Added Component: Designator=D11(DA2JF8100L)
Added Component: Designator=D12(DA2JF8100L)
Added Component: Designator=D13(DA2JF8100L)
Added Component: Designator=D14(DA2JF8100L)
Added Component: Designator=D15(DA2JF8100L)
Added Component: Designator=D16(DA2JF8100L)
Added Component: Designator=D17(DA2JF8100L)
Added Component: Designator=D18(DA2JF8100L)
Added Component: Designator=D19(DA2JF8100L)
Added Component: Designator=D20(DA2JF8100L)
Added Component: Designator=D21(DA2JF8100L)
Added Component: Designator=D22(DA2JF8100L)
Added Component: Designator=D23(DA2JF8100L)
Added Component: Designator=D24(DA2JF8100L)
Added Component: Designator=D25(DA2JF8100L)
Added Component: Designator=D26(DA2JF8100L)
Added Component: Designator=D27(ONSC-SOD-923-2-514AB-01_V)
Added Component: Designator=D28(SSMini2-F5-B)
Added Component: Designator=D29(ONSC-SOD-923-2-514AB-01_V)
Added Component: Designator=P1(HDR2X6H)
Added Component: Designator=P2(HDR1X3)
Added Component: Designator=Q1(SOT-23_N)
Added Component: Designator=Q2(RUM002N05)
Added Component: Designator=R1(1608[0603]_RES)
Added Component: Designator=R2(1608[0603]_RES)
Added Component: Designator=R3(1608[0603]_RES)
Added Component: Designator=R4(1608[0603]_RES)
Added Component: Designator=R5(1608[0603]_RES)
Added Component: Designator=R6(CAT16-470J4LF)
Added Component: Designator=R7(CDHV2512)
Added Component: Designator=R8(MC4)
Added Component: Designator=R9(MC4)
Added Component: Designator=R10(MC4)
Added Component: Designator=R11(1608[0603]_RES)
Added Component: Designator=R13(1608[0603]_RES)
Added Component: Designator=R14(1608[0603]_RES)
Added Component: Designator=R15(1608[0603]_RES)
Added Component: Designator=R16(1608[0603]_RES)
Added Component: Designator=R17(1608[0603]_RES)
Added Component: Designator=R18(1608[0603]_RES)
Added Component: Designator=T1(ATB322515-0110)
Added Component: Designator=U1(SO-8_S)
Added Component: Designator=U2(LT-S8-8_N)
Added Component: Designator=U3(LT-S8-8_N)
Added Component: Designator=U4(SO-8_S)
Added Component: Designator=U5(LT-MS8-8_N)
Added Component: Designator=U6(LT-MS8_N)
Added Pin To Net: NetName=+2.5ANALOG Pin=C46-1
Added Pin To Net: NetName=+2.5ANALOG Pin=C47-1
Added Pin To Net: NetName=+2.5ANALOG Pin=C48-1
Added Pin To Net: NetName=+2.5ANALOG Pin=C49-1
Added Pin To Net: NetName=+2.5ANALOG Pin=C50-1
Added Pin To Net: NetName=+2.5ANALOG Pin=C51-1
Added Pin To Net: NetName=+2.5ANALOG Pin=U4-7
Added Pin To Net: NetName=+2.5ANALOG Pin=U5-8
Added Pin To Net: NetName=+2.5ANALOG Pin=U6-1
Added Net: Name=+2.5ANALOG
Added Pin To Net: NetName=+5ANALOG Pin=C4-1
Added Pin To Net: NetName=+5ANALOG Pin=C30-1
Added Pin To Net: NetName=+5ANALOG Pin=C43-1
Added Pin To Net: NetName=+5ANALOG Pin=U1-8
Added Pin To Net: NetName=+5ANALOG Pin=U2-7
Added Pin To Net: NetName=+5ANALOG Pin=U3-7
Added Net: Name=+5ANALOG
Added Pin To Net: NetName=-2.5ANALOG Pin=C46-2
Added Pin To Net: NetName=-2.5ANALOG Pin=C48-2
Added Pin To Net: NetName=-2.5ANALOG Pin=C49-2
Added Pin To Net: NetName=-2.5ANALOG Pin=C51-2
Added Pin To Net: NetName=-2.5ANALOG Pin=U4-5
Added Pin To Net: NetName=-2.5ANALOG Pin=U5-4
Added Net: Name=-2.5ANALOG
Added Pin To Net: NetName=1MV Pin=C45-1
Added Pin To Net: NetName=1MV Pin=R17-2
Added Pin To Net: NetName=1MV Pin=R18-1
Added Pin To Net: NetName=1MV Pin=U6-3
Added Net: Name=1MV
Added Pin To Net: NetName=AGND Pin=C3-2
Added Pin To Net: NetName=AGND Pin=C4-2
Added Pin To Net: NetName=AGND Pin=C30-2
Added Pin To Net: NetName=AGND Pin=C43-2
Added Pin To Net: NetName=AGND Pin=C44-2
Added Pin To Net: NetName=AGND Pin=C45-2
Added Pin To Net: NetName=AGND Pin=C47-2
Added Pin To Net: NetName=AGND Pin=C50-2
Added Pin To Net: NetName=AGND Pin=D27-1
Added Pin To Net: NetName=AGND Pin=D29-2
Added Pin To Net: NetName=AGND Pin=Q2-2
Added Pin To Net: NetName=AGND Pin=R15-2
Added Pin To Net: NetName=AGND Pin=R16-2
Added Pin To Net: NetName=AGND Pin=R18-2
Added Pin To Net: NetName=AGND Pin=U1-5
Added Pin To Net: NetName=AGND Pin=U2-4
Added Pin To Net: NetName=AGND Pin=U3-3
Added Pin To Net: NetName=AGND Pin=U3-4
Added Pin To Net: NetName=AGND Pin=U4-3
Added Pin To Net: NetName=AGND Pin=U6-4
Added Pin To Net: NetName=AGND Pin=U6-5
Added Pin To Net: NetName=AGND Pin=U6-6
Added Net: Name=AGND
Added Pin To Net: NetName=ANODE Pin=R14-2
Added Pin To Net: NetName=ANODE Pin=U4-2
Added Net: Name=ANODE
Added Pin To Net: NetName=CLEAR_CHARGE Pin=R13-2
Added Net: Name=CLEAR_CHARGE
Added Pin To Net: NetName=DREF_2.048V Pin=R17-1
Added Pin To Net: NetName=DREF_2.048V Pin=U1-6
Added Net: Name=DREF_2.048V
Added Pin To Net: NetName=GND Pin=C2-2
Added Pin To Net: NetName=GND Pin=C18-2
Added Pin To Net: NetName=GND Pin=C31-2
Added Pin To Net: NetName=GND Pin=D2-1
Added Pin To Net: NetName=GND Pin=D3-2
Added Pin To Net: NetName=GND Pin=Q1-2
Added Pin To Net: NetName=GND Pin=R5-1
Added Pin To Net: NetName=GND Pin=T1-2
Added Net: Name=GND
Added Pin To Net: NetName=MAXPULSELEVEL Pin=U5-1
Added Pin To Net: NetName=MAXPULSELEVEL Pin=U5-2
Added Net: Name=MAXPULSELEVEL
Added Pin To Net: NetName=NetC1_1 Pin=C1-1
Added Pin To Net: NetName=NetC1_1 Pin=D1-A
Added Pin To Net: NetName=NetC1_1 Pin=R1-1
Added Net: Name=NetC1_1
Added Pin To Net: NetName=NetC1_2 Pin=C1-2
Added Pin To Net: NetName=NetC1_2 Pin=R1-2
Added Pin To Net: NetName=NetC1_2 Pin=R2-1
Added Net: Name=NetC1_2
Added Pin To Net: NetName=NetC2_1 Pin=C2-1
Added Pin To Net: NetName=NetC2_1 Pin=R2-2
Added Pin To Net: NetName=NetC2_1 Pin=R3-1
Added Pin To Net: NetName=NetC2_1 Pin=T1-1
Added Net: Name=NetC2_1
Added Pin To Net: NetName=NetC3_1 Pin=C3-1
Added Pin To Net: NetName=NetC3_1 Pin=U1-7
Added Pin To Net: NetName=NetC3_1 Pin=U2-2
Added Net: Name=NetC3_1
Added Pin To Net: NetName=NetC5_1 Pin=C5-1
Added Pin To Net: NetName=NetC5_1 Pin=C6-2
Added Pin To Net: NetName=NetC5_1 Pin=D2-2
Added Net: Name=NetC5_1
Added Pin To Net: NetName=NetC6_1 Pin=C6-1
Added Pin To Net: NetName=NetC6_1 Pin=C7-2
Added Pin To Net: NetName=NetC6_1 Pin=D3-1
Added Pin To Net: NetName=NetC6_1 Pin=D4-2
Added Net: Name=NetC6_1
Added Pin To Net: NetName=NetC7_1 Pin=C7-1
Added Pin To Net: NetName=NetC7_1 Pin=C8-2
Added Pin To Net: NetName=NetC7_1 Pin=D5-1
Added Pin To Net: NetName=NetC7_1 Pin=D6-2
Added Net: Name=NetC7_1
Added Pin To Net: NetName=NetC8_1 Pin=C8-1
Added Pin To Net: NetName=NetC8_1 Pin=C9-2
Added Pin To Net: NetName=NetC8_1 Pin=D7-1
Added Pin To Net: NetName=NetC8_1 Pin=D8-2
Added Net: Name=NetC8_1
Added Pin To Net: NetName=NetC9_1 Pin=C9-1
Added Pin To Net: NetName=NetC9_1 Pin=C10-2
Added Pin To Net: NetName=NetC9_1 Pin=D9-1
Added Pin To Net: NetName=NetC9_1 Pin=D10-2
Added Net: Name=NetC9_1
Added Pin To Net: NetName=NetC10_1 Pin=C10-1
Added Pin To Net: NetName=NetC10_1 Pin=C11-2
Added Pin To Net: NetName=NetC10_1 Pin=D11-1
Added Pin To Net: NetName=NetC10_1 Pin=D12-2
Added Net: Name=NetC10_1
Added Pin To Net: NetName=NetC11_1 Pin=C11-1
Added Pin To Net: NetName=NetC11_1 Pin=C12-2
Added Pin To Net: NetName=NetC11_1 Pin=D13-1
Added Pin To Net: NetName=NetC11_1 Pin=D14-2
Added Net: Name=NetC11_1
Added Pin To Net: NetName=NetC12_1 Pin=C12-1
Added Pin To Net: NetName=NetC12_1 Pin=C13-2
Added Pin To Net: NetName=NetC12_1 Pin=D15-1
Added Pin To Net: NetName=NetC12_1 Pin=D16-2
Added Net: Name=NetC12_1
Added Pin To Net: NetName=NetC13_1 Pin=C13-1
Added Pin To Net: NetName=NetC13_1 Pin=C14-2
Added Pin To Net: NetName=NetC13_1 Pin=D17-1
Added Pin To Net: NetName=NetC13_1 Pin=D18-2
Added Net: Name=NetC13_1
Added Pin To Net: NetName=NetC14_1 Pin=C14-1
Added Pin To Net: NetName=NetC14_1 Pin=C15-2
Added Pin To Net: NetName=NetC14_1 Pin=D19-1
Added Pin To Net: NetName=NetC14_1 Pin=D20-2
Added Net: Name=NetC14_1
Added Pin To Net: NetName=NetC15_1 Pin=C15-1
Added Pin To Net: NetName=NetC15_1 Pin=C16-2
Added Pin To Net: NetName=NetC15_1 Pin=D21-1
Added Pin To Net: NetName=NetC15_1 Pin=D22-2
Added Net: Name=NetC15_1
Added Pin To Net: NetName=NetC16_1 Pin=C16-1
Added Pin To Net: NetName=NetC16_1 Pin=C17-2
Added Pin To Net: NetName=NetC16_1 Pin=D23-1
Added Pin To Net: NetName=NetC16_1 Pin=D24-2
Added Net: Name=NetC16_1
Added Pin To Net: NetName=NetC17_1 Pin=C17-1
Added Pin To Net: NetName=NetC17_1 Pin=D25-1
Added Pin To Net: NetName=NetC17_1 Pin=D26-2
Added Net: Name=NetC17_1
Added Pin To Net: NetName=NetC18_1 Pin=C18-1
Added Pin To Net: NetName=NetC18_1 Pin=C19-2
Added Pin To Net: NetName=NetC18_1 Pin=D4-1
Added Pin To Net: NetName=NetC18_1 Pin=D5-2
Added Pin To Net: NetName=NetC18_1 Pin=R8-5
Added Net: Name=NetC18_1
Added Pin To Net: NetName=NetC19_1 Pin=C19-1
Added Pin To Net: NetName=NetC19_1 Pin=C20-2
Added Pin To Net: NetName=NetC19_1 Pin=D6-1
Added Pin To Net: NetName=NetC19_1 Pin=D7-2
Added Pin To Net: NetName=NetC19_1 Pin=R8-6
Added Net: Name=NetC19_1
Added Pin To Net: NetName=NetC20_1 Pin=C20-1
Added Pin To Net: NetName=NetC20_1 Pin=C21-2
Added Pin To Net: NetName=NetC20_1 Pin=D8-1
Added Pin To Net: NetName=NetC20_1 Pin=D9-2
Added Pin To Net: NetName=NetC20_1 Pin=R8-7
Added Net: Name=NetC20_1
Added Pin To Net: NetName=NetC21_1 Pin=C21-1
Added Pin To Net: NetName=NetC21_1 Pin=C22-2
Added Pin To Net: NetName=NetC21_1 Pin=D10-1
Added Pin To Net: NetName=NetC21_1 Pin=D11-2
Added Pin To Net: NetName=NetC21_1 Pin=R8-8
Added Net: Name=NetC21_1
Added Pin To Net: NetName=NetC22_1 Pin=C22-1
Added Pin To Net: NetName=NetC22_1 Pin=C23-2
Added Pin To Net: NetName=NetC22_1 Pin=D12-1
Added Pin To Net: NetName=NetC22_1 Pin=D13-2
Added Pin To Net: NetName=NetC22_1 Pin=R9-5
Added Net: Name=NetC22_1
Added Pin To Net: NetName=NetC23_1 Pin=C23-1
Added Pin To Net: NetName=NetC23_1 Pin=C24-2
Added Pin To Net: NetName=NetC23_1 Pin=D14-1
Added Pin To Net: NetName=NetC23_1 Pin=D15-2
Added Pin To Net: NetName=NetC23_1 Pin=R9-6
Added Net: Name=NetC23_1
Added Pin To Net: NetName=NetC24_1 Pin=C24-1
Added Pin To Net: NetName=NetC24_1 Pin=C25-2
Added Pin To Net: NetName=NetC24_1 Pin=D16-1
Added Pin To Net: NetName=NetC24_1 Pin=D17-2
Added Pin To Net: NetName=NetC24_1 Pin=R9-7
Added Net: Name=NetC24_1
Added Pin To Net: NetName=NetC25_1 Pin=C25-1
Added Pin To Net: NetName=NetC25_1 Pin=C26-2
Added Pin To Net: NetName=NetC25_1 Pin=D18-1
Added Pin To Net: NetName=NetC25_1 Pin=D19-2
Added Pin To Net: NetName=NetC25_1 Pin=R9-8
Added Net: Name=NetC25_1
Added Pin To Net: NetName=NetC26_1 Pin=C26-1
Added Pin To Net: NetName=NetC26_1 Pin=C27-2
Added Pin To Net: NetName=NetC26_1 Pin=D20-1
Added Pin To Net: NetName=NetC26_1 Pin=D21-2
Added Pin To Net: NetName=NetC26_1 Pin=R10-5
Added Net: Name=NetC26_1
Added Pin To Net: NetName=NetC27_1 Pin=C27-1
Added Pin To Net: NetName=NetC27_1 Pin=C28-2
Added Pin To Net: NetName=NetC27_1 Pin=D22-1
Added Pin To Net: NetName=NetC27_1 Pin=D23-2
Added Pin To Net: NetName=NetC27_1 Pin=R10-6
Added Net: Name=NetC27_1
Added Pin To Net: NetName=NetC28_1 Pin=C28-1
Added Pin To Net: NetName=NetC28_1 Pin=C29-2
Added Pin To Net: NetName=NetC28_1 Pin=D24-1
Added Pin To Net: NetName=NetC28_1 Pin=D25-2
Added Pin To Net: NetName=NetC28_1 Pin=R10-7
Added Net: Name=NetC28_1
Added Pin To Net: NetName=NetC29_1 Pin=C29-1
Added Pin To Net: NetName=NetC29_1 Pin=D26-1
Added Pin To Net: NetName=NetC29_1 Pin=P2-3
Added Pin To Net: NetName=NetC29_1 Pin=R10-8
Added Net: Name=NetC29_1
Added Pin To Net: NetName=NetD1_K Pin=D1-K
Added Pin To Net: NetName=NetD1_K Pin=Q1-3
Added Pin To Net: NetName=NetD1_K Pin=T1-4
Added Net: Name=NetD1_K
Added Pin To Net: NetName=NetD27_2 Pin=D27-2
Added Pin To Net: NetName=NetD27_2 Pin=R7-3
Added Pin To Net: NetName=NetD27_2 Pin=U3-2
Added Net: Name=NetD27_2
Added Pin To Net: NetName=NetD28_1 Pin=D28-1
Added Pin To Net: NetName=NetD28_1 Pin=R11-2
Added Net: Name=NetD28_1
Added Pin To Net: NetName=NetP2_2 Pin=P2-2
Added Pin To Net: NetName=NetP2_2 Pin=R7-1
Added Net: Name=NetP2_2
Added Pin To Net: NetName=NetQ1_1 Pin=Q1-1
Added Pin To Net: NetName=NetQ1_1 Pin=R4-2
Added Pin To Net: NetName=NetQ1_1 Pin=R5-2
Added Net: Name=NetQ1_1
Added Pin To Net: NetName=NetQ2_1 Pin=Q2-1
Added Pin To Net: NetName=NetQ2_1 Pin=R13-1
Added Pin To Net: NetName=NetQ2_1 Pin=R16-1
Added Net: Name=NetQ2_1
Added Pin To Net: NetName=NetR6_5 Pin=R6-5
Added Pin To Net: NetName=NetR6_5 Pin=U1-1
Added Net: Name=NetR6_5
Added Pin To Net: NetName=NetR6_6 Pin=R6-6
Added Pin To Net: NetName=NetR6_6 Pin=U1-2
Added Net: Name=NetR6_6
Added Pin To Net: NetName=NetR6_7 Pin=R6-7
Added Pin To Net: NetName=NetR6_7 Pin=U1-3
Added Net: Name=NetR6_7
Added Pin To Net: NetName=NetR11_1 Pin=R11-1
Added Pin To Net: NetName=NetR11_1 Pin=U5-7
Added Net: Name=NetR11_1
Added Pin To Net: NetName=PEAKVOLTAGE Pin=C44-1
Added Pin To Net: NetName=PEAKVOLTAGE Pin=D28-2
Added Pin To Net: NetName=PEAKVOLTAGE Pin=Q2-3
Added Pin To Net: NetName=PEAKVOLTAGE Pin=R15-1
Added Pin To Net: NetName=PEAKVOLTAGE Pin=U5-3
Added Pin To Net: NetName=PEAKVOLTAGE Pin=U5-6
Added Net: Name=PEAKVOLTAGE
Added Pin To Net: NetName=PREAMPSIGOUT Pin=D29-1
Added Pin To Net: NetName=PREAMPSIGOUT Pin=R14-1
Added Pin To Net: NetName=PREAMPSIGOUT Pin=U4-6
Added Pin To Net: NetName=PREAMPSIGOUT Pin=U5-5
Added Pin To Net: NetName=PREAMPSIGOUT Pin=U6-2
Added Net: Name=PREAMPSIGOUT
Added Pin To Net: NetName=PULSESENS Pin=U6-8
Added Net: Name=PULSESENS
Added Pin To Net: NetName=PULSE Pin=R4-1
Added Net: Name=PULSE
Added Pin To Net: NetName=PUMP Pin=C5-2
Added Pin To Net: NetName=PUMP Pin=T1-3
Added Net: Name=PUMP
Added Pin To Net: NetName=UP1 Pin=C31-1
Added Pin To Net: NetName=UP1 Pin=C32-2
Added Pin To Net: NetName=UP1 Pin=P1-1
Added Pin To Net: NetName=UP1 Pin=R8-1
Added Net: Name=UP1
Added Pin To Net: NetName=UP2 Pin=C32-1
Added Pin To Net: NetName=UP2 Pin=C33-2
Added Pin To Net: NetName=UP2 Pin=P1-2
Added Pin To Net: NetName=UP2 Pin=R8-2
Added Net: Name=UP2
Added Pin To Net: NetName=UP3 Pin=C33-1
Added Pin To Net: NetName=UP3 Pin=C34-2
Added Pin To Net: NetName=UP3 Pin=P1-3
Added Pin To Net: NetName=UP3 Pin=R8-3
Added Net: Name=UP3
Added Pin To Net: NetName=UP4 Pin=C34-1
Added Pin To Net: NetName=UP4 Pin=C35-2
Added Pin To Net: NetName=UP4 Pin=P1-4
Added Pin To Net: NetName=UP4 Pin=R8-4
Added Net: Name=UP4
Added Pin To Net: NetName=UP5 Pin=C35-1
Added Pin To Net: NetName=UP5 Pin=C36-2
Added Pin To Net: NetName=UP5 Pin=P1-5
Added Pin To Net: NetName=UP5 Pin=R9-1
Added Net: Name=UP5
Added Pin To Net: NetName=UP6 Pin=C36-1
Added Pin To Net: NetName=UP6 Pin=C37-2
Added Pin To Net: NetName=UP6 Pin=P1-6
Added Pin To Net: NetName=UP6 Pin=R9-2
Added Net: Name=UP6
Added Pin To Net: NetName=UP7 Pin=C37-1
Added Pin To Net: NetName=UP7 Pin=C38-2
Added Pin To Net: NetName=UP7 Pin=P1-7
Added Pin To Net: NetName=UP7 Pin=R9-3
Added Net: Name=UP7
Added Pin To Net: NetName=UP8 Pin=C38-1
Added Pin To Net: NetName=UP8 Pin=C39-2
Added Pin To Net: NetName=UP8 Pin=P1-8
Added Pin To Net: NetName=UP8 Pin=R9-4
Added Net: Name=UP8
Added Pin To Net: NetName=UP9 Pin=C39-1
Added Pin To Net: NetName=UP9 Pin=C40-2
Added Pin To Net: NetName=UP9 Pin=P1-9
Added Pin To Net: NetName=UP9 Pin=R10-1
Added Net: Name=UP9
Added Pin To Net: NetName=UP10 Pin=C40-1
Added Pin To Net: NetName=UP10 Pin=C41-2
Added Pin To Net: NetName=UP10 Pin=P1-10
Added Pin To Net: NetName=UP10 Pin=R10-2
Added Net: Name=UP10
Added Pin To Net: NetName=UP11 Pin=C41-1
Added Pin To Net: NetName=UP11 Pin=C42-2
Added Pin To Net: NetName=UP11 Pin=P1-11
Added Pin To Net: NetName=UP11 Pin=R10-3
Added Net: Name=UP11
Added Pin To Net: NetName=UP12 Pin=C42-1
Added Pin To Net: NetName=UP12 Pin=P1-12
Added Pin To Net: NetName=UP12 Pin=P2-1
Added Pin To Net: NetName=UP12 Pin=R10-4
Added Net: Name=UP12
Added Pin To Net: NetName=VCC_BAT Pin=R3-2
Added Net: Name=VCC_BAT
Added Pin To Net: NetName=VDIGISENSCAN Pin=U2-6
Added Net: Name=VDIGISENSCAN
Added Pin To Net: NetName=VDIGISETCANCLK Pin=R6-1
Added Net: Name=VDIGISETCANCLK
Added Pin To Net: NetName=VDIGISETCANCS Pin=R6-3
Added Net: Name=VDIGISETCANCS
Added Pin To Net: NetName=VDIGISETCANDIN Pin=R6-2
Added Net: Name=VDIGISETCANDIN
Added Pin To Net: NetName=VSENS Pin=R7-2
Added Pin To Net: NetName=VSENS Pin=U2-3
Added Pin To Net: NetName=VSENS Pin=U3-6
Added Net: Name=VSENS
Added Class: Name=FEU31_Part2
