Removed Pin From Net: NetName=PUMP Pin=C1-2
Removed Pin From Net: NetName=PUMP Pin=C6-2
Removed Pin From Net: NetName=DINODE12 Pin=C7-1
Removed Pin From Net: NetName=GND Pin=C7-2
Removed Pin From Net: NetName=DINODE11 Pin=C8-1
Removed Pin From Net: NetName=DINODE12 Pin=C8-2
Removed Pin From Net: NetName=DINODE12 Pin=C9-1
Removed Pin From Net: NetName=GND Pin=C9-2
Removed Pin From Net: NetName=DINODE11 Pin=C10-1
Removed Pin From Net: NetName=DINODE12 Pin=C10-2
Removed Pin From Net: NetName=DINODE12 Pin=C11-1
Removed Pin From Net: NetName=GND Pin=C11-2
Removed Pin From Net: NetName=DINODE12 Pin=D1-1
Removed Pin From Net: NetName=PUMP Pin=D1-2
Removed Pin From Net: NetName=DINODE12 Pin=D2-2
Removed Pin From Net: NetName=DINODE11 Pin=D3-1
Removed Pin From Net: NetName=DINODE11 Pin=D4-2
Removed Pin From Net: NetName=DINODE10 Pin=D5-1
Removed Pin From Net: NetName=DINODE10 Pin=D6-2
Removed Pin From Net: NetName=DINODE9 Pin=D7-1
Removed Pin From Net: NetName=DINODE9 Pin=D8-2
Removed Pin From Net: NetName=DINODE8 Pin=D9-1
Removed Pin From Net: NetName=DINODE8 Pin=D10-2
Removed Member From Class: ClassName=FEU-102-1_part3 Member=C1
Removed Member From Class: ClassName=FEU-102-1_part3 Member=C2
Removed Member From Class: ClassName=FEU-102-1_part3 Member=C3
Removed Member From Class: ClassName=FEU-102-1_part3 Member=C4
Removed Member From Class: ClassName=FEU-102-1_part3 Member=C5
Removed Member From Class: ClassName=FEU-102-1_part3 Member=C6
Removed Member From Class: ClassName=FEU-102-1_part3 Member=C7
Removed Member From Class: ClassName=FEU-102-1_part3 Member=C8
Removed Member From Class: ClassName=FEU-102-1_part3 Member=C9
Removed Member From Class: ClassName=FEU-102-1_part3 Member=C10
Removed Member From Class: ClassName=FEU-102-1_part3 Member=C11
Removed Member From Class: ClassName=FEU-102-1_part3 Member=D1
Removed Member From Class: ClassName=FEU-102-1_part3 Member=D2
Removed Member From Class: ClassName=FEU-102-1_part3 Member=D3
Removed Member From Class: ClassName=FEU-102-1_part3 Member=D4
Removed Member From Class: ClassName=FEU-102-1_part3 Member=D5
Removed Member From Class: ClassName=FEU-102-1_part3 Member=D6
Removed Member From Class: ClassName=FEU-102-1_part3 Member=D7
Removed Member From Class: ClassName=FEU-102-1_part3 Member=D8
Removed Member From Class: ClassName=FEU-102-1_part3 Member=D9
Removed Member From Class: ClassName=FEU-102-1_part3 Member=D10
Removed Member From Class: ClassName=FEU-102-1_part3 Member=P1
Added Pin To Net: NetName=DINODE6 Pin=днг-102-1-4
Added Pin To Net: NetName=DINODE1 Pin=днг-102-1-14
