Removed Pin From Net: NetName=GND Pin=C29-1
Removed Pin From Net: NetName=GND Pin=C30-2
Removed Pin From Net: NetName=GND Pin=C34-2
Removed Pin From Net: NetName=NetC37_1 Pin=C37-1
Removed Pin From Net: NetName=GND Pin=C37-2
Removed Pin From Net: NetName=NetC31_1 Pin=D29-2
Removed Pin From Net: NetName=NetC31_1 Pin=R7-2
Change Component Comment : Designator=C35 Old Comment=100nF New Comment=1uF
Added Pin To Net: NetName=NetC31_1 Pin=C29-1
Added Pin To Net: NetName=NetC31_1 Pin=C30-1
Added Pin To Net: NetName=NetC35_1 Pin=C34-1
Added Pin To Net: NetName=NetC35_1 Pin=C37-1
Added Pin To Net: NetName=NetC37_1 Pin=C37-2
Added Pin To Net: NetName=NetC31_1 Pin=R7-1
Change Net Name : Old Net Name=NetC31_1 New Net Name=NetC29_1
Change Net Name : Old Net Name=NetC35_1 New Net Name=NetC34_1
Change Net Name : Old Net Name=NetC37_1 New Net Name=NetC37_2
Added Pin To Net: NetName=NetC30_2 Pin=C30-2
Added Pin To Net: NetName=NetC30_2 Pin=D29-2
Added Pin To Net: NetName=NetC30_2 Pin=R6-2
Added Pin To Net: NetName=NetC30_2 Pin=R7-2
Added Pin To Net: NetName=NetC30_2 Pin=U1-3
Added Net: Name=NetC30_2
Added Pin To Net: NetName=NetC34_2 Pin=C34-2
Added Pin To Net: NetName=NetC34_2 Pin=R13-3
Added Pin To Net: NetName=NetC34_2 Pin=U2-4
Added Net: Name=NetC34_2
