Added Component: Designator=C1(C1206)
Added Component: Designator=C2(1608[0603]_RES)
Added Component: Designator=C3(1608[0603]_RES)
Added Component: Designator=C4(1608[0603]_RES)
Added Component: Designator=C5(1608[0603]_RES)
Added Component: Designator=C6(1608[0603]_RES)
Added Component: Designator=C7(1608[0603]_RES)
Added Component: Designator=C8(1608[0603]_RES)
Added Component: Designator=C9(1608[0603]_RES)
Added Component: Designator=C10(1608[0603]_RES)
Added Component: Designator=C11(1608[0603]_RES)
Added Component: Designator=C12(1608[0603]_RES)
Added Component: Designator=C13(1608[0603]_RES)
Added Component: Designator=C14(C1206)
Added Component: Designator=C15(C1206)
Added Component: Designator=C16(1608[0603]_RES)
Added Component: Designator=C17(1608[0603]_RES)
Added Component: Designator=C18(C1206)
Added Component: Designator=C19(1608[0603]_RES)
Added Component: Designator=C20(1608[0603]_RES)
Added Component: Designator=C21(1608[0603]_RES)
Added Component: Designator=C22(1608[0603]_RES)
Added Component: Designator=C23(1608[0603]_RES)
Added Component: Designator=C24(1608[0603]_RES)
Added Component: Designator=C25(1608[0603]_RES)
Added Component: Designator=C26(1608[0603]_RES)
Added Component: Designator=C27(1608[0603]_RES)
Added Component: Designator=C28(1608[0603]_RES)
Added Component: Designator=C29(0402 AVX)
Added Component: Designator=C30(0402 AVX)
Added Component: Designator=C31(0402 AVX)
Added Component: Designator=C32(1608[0603]_RES)
Added Component: Designator=C33(1608[0603]_RES)
Added Component: Designator=D1(DA2JF8100L)
Added Component: Designator=D2(DA2JF8100L)
Added Component: Designator=D3(DA2JF8100L)
Added Component: Designator=D4(DA2JF8100L)
Added Component: Designator=D5(DA2JF8100L)
Added Component: Designator=D6(DA2JF8100L)
Added Component: Designator=D7(DA2JF8100L)
Added Component: Designator=D8(DA2JF8100L)
Added Component: Designator=D9(DA2JF8100L)
Added Component: Designator=D10(DA2JF8100L)
Added Component: Designator=D11(DA2JF8100L)
Added Component: Designator=D12(DA2JF8100L)
Added Component: Designator=D13(DA2JF8100L)
Added Component: Designator=D14(DA2JF8100L)
Added Component: Designator=D15(DA2JF8100L)
Added Component: Designator=D16(DA2JF8100L)
Added Component: Designator=D17(DA2JF8100L)
Added Component: Designator=D18(DA2JF8100L)
Added Component: Designator=D19(DA2JF8100L)
Added Component: Designator=D20(DA2JF8100L)
Added Component: Designator=D21(DA2JF8100L)
Added Component: Designator=D22(DA2JF8100L)
Added Component: Designator=D23(DA2JF8100L)
Added Component: Designator=D24(DA2JF8100L)
Added Component: Designator=D25(DA2JF8100L)
Added Component: Designator=D26(DA2JF8100L)
Added Component: Designator=D27(DA2JF8100L)
Added Component: Designator=D28(GRZZ0002ZB-A)
Added Component: Designator=LX1(Resistor)
Added Component: Designator=Q1(PMR400UN)
Added Component: Designator=R1(1608[0603]_RES)
Added Component: Designator=R2(1608[0603]_RES)
Added Component: Designator=R3(VR3)
Added Component: Designator=R4(1608[0603]_RES)
Added Component: Designator=R5(1608[0603])
Added Component: Designator=R6(HVF2512T5007FE)
Added Component: Designator=R7(1608[0603])
Added Component: Designator=R8(1608[0603]_RES)
Added Component: Designator=T1(ATB322515-0110)
Added Component: Designator=U1(ADI-RJ-5_N)
Added Component: Designator=U2(TI-DDC5_N)
Added Component: Designator=U3(M08A_N)
Added Pin To Net: NetName=NetC1_1 Pin=C1-1
Added Pin To Net: NetName=PUMP Pin=C1-2
Added Pin To Net: NetName=NetC2_1 Pin=C2-1
Added Pin To Net: NetName=NetC1_1 Pin=C2-2
Added Pin To Net: NetName=NetC3_1 Pin=C3-1
Added Pin To Net: NetName=NetC2_1 Pin=C3-2
Added Pin To Net: NetName=NetC4_1 Pin=C4-1
Added Pin To Net: NetName=NetC3_1 Pin=C4-2
Added Pin To Net: NetName=NetC5_1 Pin=C5-1
Added Pin To Net: NetName=NetC4_1 Pin=C5-2
Added Pin To Net: NetName=NetC6_1 Pin=C6-1
Added Pin To Net: NetName=NetC5_1 Pin=C6-2
Added Pin To Net: NetName=NetC7_1 Pin=C7-1
Added Pin To Net: NetName=NetC6_1 Pin=C7-2
Added Pin To Net: NetName=NetC8_1 Pin=C8-1
Added Pin To Net: NetName=NetC7_1 Pin=C8-2
Added Pin To Net: NetName=NetC9_1 Pin=C9-1
Added Pin To Net: NetName=NetC8_1 Pin=C9-2
Added Pin To Net: NetName=NetC10_1 Pin=C10-1
Added Pin To Net: NetName=NetC9_1 Pin=C10-2
Added Pin To Net: NetName=NetC11_1 Pin=C11-1
Added Pin To Net: NetName=NetC10_1 Pin=C11-2
Added Pin To Net: NetName=NetC12_1 Pin=C12-1
Added Pin To Net: NetName=NetC11_1 Pin=C12-2
Added Pin To Net: NetName=NetC13_1 Pin=C13-1
Added Pin To Net: NetName=NetC12_1 Pin=C13-2
Added Pin To Net: NetName=DINODE 12 Pin=C14-1
Added Pin To Net: NetName=GND Pin=C14-2
Added Pin To Net: NetName=DINODE 11 Pin=C15-1
Added Pin To Net: NetName=DINODE 12 Pin=C15-2
Added Pin To Net: NetName=DINODE 10 Pin=C16-1
Added Pin To Net: NetName=DINODE 11 Pin=C16-2
Added Pin To Net: NetName=DINODE 9 Pin=C17-1
Added Pin To Net: NetName=DINODE 10 Pin=C17-2
Added Pin To Net: NetName=DINODE 8 Pin=C18-1
Added Pin To Net: NetName=DINODE 9 Pin=C18-2
Added Pin To Net: NetName=DINODE 7 Pin=C19-1
Added Pin To Net: NetName=DINODE 8 Pin=C19-2
Added Pin To Net: NetName=DINODE 6 Pin=C20-1
Added Pin To Net: NetName=DINODE 7 Pin=C20-2
Added Pin To Net: NetName=DINODE 5 Pin=C21-1
Added Pin To Net: NetName=DINODE 6 Pin=C21-2
Added Pin To Net: NetName=DINODE 4 Pin=C22-1
Added Pin To Net: NetName=DINODE 5 Pin=C22-2
Added Pin To Net: NetName=DINODE 3 Pin=C23-1
Added Pin To Net: NetName=DINODE 4 Pin=C23-2
Added Pin To Net: NetName=DINODE 2 Pin=C24-1
Added Pin To Net: NetName=DINODE 3 Pin=C24-2
Added Pin To Net: NetName=DINODE 1 Pin=C25-1
Added Pin To Net: NetName=DINODE 2 Pin=C25-2
Added Pin To Net: NetName=NetC26_1 Pin=C26-1
Added Pin To Net: NetName=DINODE 1 Pin=C26-2
Added Pin To Net: NetName=FOTO-KAT Pin=C27-1
Added Pin To Net: NetName=NetC26_1 Pin=C27-2
Added Pin To Net: NetName=NetC28_1 Pin=C28-1
Added Pin To Net: NetName=GND Pin=C28-2
Added Pin To Net: NetName=GND Pin=C29-1
Added Pin To Net: NetName=NetC29_2 Pin=C29-2
Added Pin To Net: NetName=NetC30_1 Pin=C30-1
Added Pin To Net: NetName=GND2 Pin=C30-2
Added Pin To Net: NetName=NetC31_1 Pin=C31-1
Added Pin To Net: NetName=GND2 Pin=C31-2
Added Pin To Net: NetName=GND Pin=C32-1
Added Pin To Net: NetName=NetC32_2 Pin=C32-2
Added Pin To Net: NetName=NetC33_1 Pin=C33-1
Added Pin To Net: NetName=GND Pin=C33-2
Added Pin To Net: NetName=DINODE 12 Pin=D1-1
Added Pin To Net: NetName=PUMP Pin=D1-2
Added Pin To Net: NetName=NetC1_1 Pin=D2-1
Added Pin To Net: NetName=DINODE 12 Pin=D2-2
Added Pin To Net: NetName=DINODE 11 Pin=D3-1
Added Pin To Net: NetName=NetC1_1 Pin=D3-2
Added Pin To Net: NetName=NetC2_1 Pin=D4-1
Added Pin To Net: NetName=DINODE 11 Pin=D4-2
Added Pin To Net: NetName=DINODE 10 Pin=D5-1
Added Pin To Net: NetName=NetC2_1 Pin=D5-2
Added Pin To Net: NetName=NetC3_1 Pin=D6-1
Added Pin To Net: NetName=DINODE 10 Pin=D6-2
Added Pin To Net: NetName=DINODE 9 Pin=D7-1
Added Pin To Net: NetName=NetC3_1 Pin=D7-2
Added Pin To Net: NetName=NetC4_1 Pin=D8-1
Added Pin To Net: NetName=DINODE 9 Pin=D8-2
Added Pin To Net: NetName=DINODE 8 Pin=D9-1
Added Pin To Net: NetName=NetC4_1 Pin=D9-2
Added Pin To Net: NetName=NetC5_1 Pin=D10-1
Added Pin To Net: NetName=DINODE 8 Pin=D10-2
Added Pin To Net: NetName=DINODE 7 Pin=D11-1
Added Pin To Net: NetName=NetC5_1 Pin=D11-2
Added Pin To Net: NetName=NetC6_1 Pin=D12-1
Added Pin To Net: NetName=DINODE 7 Pin=D12-2
Added Pin To Net: NetName=DINODE 6 Pin=D13-1
Added Pin To Net: NetName=NetC6_1 Pin=D13-2
Added Pin To Net: NetName=NetC7_1 Pin=D14-1
Added Pin To Net: NetName=DINODE 6 Pin=D14-2
Added Pin To Net: NetName=DINODE 5 Pin=D15-1
Added Pin To Net: NetName=NetC7_1 Pin=D15-2
Added Pin To Net: NetName=NetC8_1 Pin=D16-1
Added Pin To Net: NetName=DINODE 5 Pin=D16-2
Added Pin To Net: NetName=DINODE 4 Pin=D17-1
Added Pin To Net: NetName=NetC8_1 Pin=D17-2
Added Pin To Net: NetName=NetC9_1 Pin=D18-1
Added Pin To Net: NetName=DINODE 4 Pin=D18-2
Added Pin To Net: NetName=DINODE 3 Pin=D19-1
Added Pin To Net: NetName=NetC9_1 Pin=D19-2
Added Pin To Net: NetName=NetC10_1 Pin=D20-1
Added Pin To Net: NetName=DINODE 3 Pin=D20-2
Added Pin To Net: NetName=DINODE 2 Pin=D21-1
Added Pin To Net: NetName=NetC10_1 Pin=D21-2
Added Pin To Net: NetName=NetC11_1 Pin=D22-1
Added Pin To Net: NetName=DINODE 2 Pin=D22-2
Added Pin To Net: NetName=DINODE 1 Pin=D23-1
Added Pin To Net: NetName=NetC11_1 Pin=D23-2
Added Pin To Net: NetName=NetC12_1 Pin=D24-1
Added Pin To Net: NetName=DINODE 1 Pin=D24-2
Added Pin To Net: NetName=NetC26_1 Pin=D25-1
Added Pin To Net: NetName=NetC12_1 Pin=D25-2
Added Pin To Net: NetName=NetC13_1 Pin=D26-1
Added Pin To Net: NetName=NetC26_1 Pin=D26-2
Added Pin To Net: NetName=FOTO-KAT Pin=D27-1
Added Pin To Net: NetName=NetC13_1 Pin=D27-2
Added Pin To Net: NetName=NetC32_2 Pin=D28-1
Added Pin To Net: NetName=NetD28_2 Pin=D28-2
Added Pin To Net: NetName=VCC Pin=LX1-1
Added Pin To Net: NetName=NetC31_1 Pin=LX1-2
Added Pin To Net: NetName=NetQ1_1 Pin=Q1-1
Added Pin To Net: NetName=GND Pin=Q1-2
Added Pin To Net: NetName=NetQ1_3 Pin=Q1-3
Added Pin To Net: NetName=VCC Pin=R1-1
Added Pin To Net: NetName=NetC28_1 Pin=R1-2
Added Pin To Net: NetName=NetD28_2 Pin=R2-1
Added Pin To Net: NetName=VCC Pin=R2-2
Added Pin To Net: NetName=NetC31_1 Pin=R3-1
Added Pin To Net: NetName=GND Pin=R3-2
Added Pin To Net: NetName=NetC29_2 Pin=R3-3
Added Pin To Net: NetName=NetC32_2 Pin=R4-1
Added Pin To Net: NetName=NetD28_2 Pin=R4-2
Added Pin To Net: NetName=NetR5_1 Pin=R5-1
Added Pin To Net: NetName=NetR5_2 Pin=R5-2
Added Pin To Net: NetName=FOTO-KAT Pin=R6-1
Added Pin To Net: NetName=NetC30_1 Pin=R6-2
Added Pin To Net: NetName=NetC30_1 Pin=R7-1
Added Pin To Net: NetName=GND2 Pin=R7-2
Added Pin To Net: NetName=NetQ1_1 Pin=R8-1
Added Pin To Net: NetName=NetR8_2 Pin=R8-2
Added Pin To Net: NetName=NetC28_1 Pin=T1-1
Added Pin To Net: NetName=PUMP Pin=T1-2
Added Pin To Net: NetName=GND Pin=T1-3
Added Pin To Net: NetName=NetQ1_3 Pin=T1-4
Added Pin To Net: NetName=NetR5_1 Pin=U1-1
Added Pin To Net: NetName=GND2 Pin=U1-2
Added Pin To Net: NetName=NetC30_1 Pin=U1-3
Added Pin To Net: NetName=NetC29_2 Pin=U1-4
Added Pin To Net: NetName=NetC31_1 Pin=U1-5
Added Pin To Net: NetName=GND Pin=U3-1
Added Pin To Net: NetName=NetC32_2 Pin=U3-2
Added Pin To Net: NetName=NetR8_2 Pin=U3-3
Added Pin To Net: NetName=NetR5_2 Pin=U3-4
Added Pin To Net: NetName=NetC33_1 Pin=U3-5
Added Pin To Net: NetName=NetC32_2 Pin=U3-6
Added Pin To Net: NetName=NetD28_2 Pin=U3-7
Added Pin To Net: NetName=VCC Pin=U3-8
Added Member To Class: ClassName=Умножитель Member=Component C1 4.7nF
Added Member To Class: ClassName=Умножитель Member=Component C2 10nF
Added Member To Class: ClassName=Умножитель Member=Component C3 10nF
Added Member To Class: ClassName=Умножитель Member=Component C4 10nF
Added Member To Class: ClassName=Умножитель Member=Component C5 10nF
Added Member To Class: ClassName=Умножитель Member=Component C6 10nF
Added Member To Class: ClassName=Умножитель Member=Component C7 10nF
Added Member To Class: ClassName=Умножитель Member=Component C8 10nF
Added Member To Class: ClassName=Умножитель Member=Component C9 10nF
Added Member To Class: ClassName=Умножитель Member=Component C10 10nF
Added Member To Class: ClassName=Умножитель Member=Component C11 10nF
Added Member To Class: ClassName=Умножитель Member=Component C12 10nF
Added Member To Class: ClassName=Умножитель Member=Component C13 10nF
Added Member To Class: ClassName=Умножитель Member=Component C14 4.7nF
Added Member To Class: ClassName=Умножитель Member=Component C15 4.7nF
Added Member To Class: ClassName=Умножитель Member=Component C16 10nF
Added Member To Class: ClassName=Умножитель Member=Component C17 10nF
Added Member To Class: ClassName=Умножитель Member=Component C18 10nF
Added Member To Class: ClassName=Умножитель Member=Component C19 10nF
Added Member To Class: ClassName=Умножитель Member=Component C20 10nF
Added Member To Class: ClassName=Умножитель Member=Component C21 10nF
Added Member To Class: ClassName=Умножитель Member=Component C22 10nF
Added Member To Class: ClassName=Умножитель Member=Component C23 10nF
Added Member To Class: ClassName=Умножитель Member=Component C24 10nF
Added Member To Class: ClassName=Умножитель Member=Component C25 10nF
Added Member To Class: ClassName=Умножитель Member=Component C26 10nF
Added Member To Class: ClassName=Умножитель Member=Component C27 10nF
Added Member To Class: ClassName=Умножитель Member=Component C28 10uF
Added Member To Class: ClassName=Умножитель Member=Component C29 100nF
Added Member To Class: ClassName=Умножитель Member=Component C30 8pF
Added Member To Class: ClassName=Умножитель Member=Component C31 100nF
Added Member To Class: ClassName=Умножитель Member=Component C32 220pF
Added Member To Class: ClassName=Умножитель Member=Component C33 1nF
Added Member To Class: ClassName=Умножитель Member=Component D1 DA2JF8100L
Added Member To Class: ClassName=Умножитель Member=Component D2 
Added Member To Class: ClassName=Умножитель Member=Component D3 
Added Member To Class: ClassName=Умножитель Member=Component D4 
Added Member To Class: ClassName=Умножитель Member=Component D5 
Added Member To Class: ClassName=Умножитель Member=Component D6 
Added Member To Class: ClassName=Умножитель Member=Component D7 
Added Member To Class: ClassName=Умножитель Member=Component D8 
Added Member To Class: ClassName=Умножитель Member=Component D9 
Added Member To Class: ClassName=Умножитель Member=Component D10 
Added Member To Class: ClassName=Умножитель Member=Component D11 
Added Member To Class: ClassName=Умножитель Member=Component D12 
Added Member To Class: ClassName=Умножитель Member=Component D13 
Added Member To Class: ClassName=Умножитель Member=Component D14 
Added Member To Class: ClassName=Умножитель Member=Component D15 
Added Member To Class: ClassName=Умножитель Member=Component D16 
Added Member To Class: ClassName=Умножитель Member=Component D17 
Added Member To Class: ClassName=Умножитель Member=Component D18 
Added Member To Class: ClassName=Умножитель Member=Component D19 
Added Member To Class: ClassName=Умножитель Member=Component D20 
Added Member To Class: ClassName=Умножитель Member=Component D21 
Added Member To Class: ClassName=Умножитель Member=Component D22 
Added Member To Class: ClassName=Умножитель Member=Component D23 
Added Member To Class: ClassName=Умножитель Member=Component D24 
Added Member To Class: ClassName=Умножитель Member=Component D25 
Added Member To Class: ClassName=Умножитель Member=Component D26 
Added Member To Class: ClassName=Умножитель Member=Component D27 
Added Member To Class: ClassName=Умножитель Member=Component D28 1N4148
Added Member To Class: ClassName=Умножитель Member=Component LX1 Ferrite beard
Added Member To Class: ClassName=Умножитель Member=Component Q1 RUM002N05T2L
Added Member To Class: ClassName=Умножитель Member=Component R1 22R
Added Member To Class: ClassName=Умножитель Member=Component R2 47k
Added Member To Class: ClassName=Умножитель Member=Component R3 Res Tap
Added Member To Class: ClassName=Умножитель Member=Component R4 150k
Added Member To Class: ClassName=Умножитель Member=Component R5 1K
Added Member To Class: ClassName=Умножитель Member=Component R6 5G
Added Member To Class: ClassName=Умножитель Member=Component R7 6,04M
Added Member To Class: ClassName=Умножитель Member=Component R8 470R
Added Member To Class: ClassName=Умножитель Member=Component T1 ATB322515-0110
Added Member To Class: ClassName=Умножитель Member=Component U1 AD8541ARTZ
Added Member To Class: ClassName=Умножитель Member=Component U2 TPS78330DDCR
Added Member To Class: ClassName=Умножитель Member=Component U3 LMC555CM
