Removed Pin From Net: NetName=GND Pin=Batt-1-1
Removed Pin From Net: NetName=GND Pin=C2-1
Removed Pin From Net: NetName=GND Pin=C3-2
Removed Pin From Net: NetName=GND Pin=C4-2
Removed Pin From Net: NetName=GND Pin=C6-1
Removed Pin From Net: NetName=GND Pin=C7-1
Removed Pin From Net: NetName=GND Pin=C8-2
Removed Pin From Net: NetName=GND Pin=C9-1
Removed Pin From Net: NetName=PUMP Pin=C9-2
Removed Pin From Net: NetName=GND Pin=C10-1
Removed Pin From Net: NetName=PUMP Pin=C10-2
Removed Pin From Net: NetName=GND Pin=C11-1
Removed Pin From Net: NetName=GND Pin=C12-1
Removed Pin From Net: NetName=GND Pin=C13-1
Removed Pin From Net: NetName=GND Pin=C15-2
Removed Pin From Net: NetName=GND Pin=C16-2
Removed Pin From Net: NetName=GND Pin=C17-1
Removed Pin From Net: NetName=GND Pin=C18-1
Removed Pin From Net: NetName=GND Pin=C19-2
Removed Pin From Net: NetName=GND Pin=C20-2
Removed Pin From Net: NetName=GND Pin=C21-1
Removed Pin From Net: NetName=GND Pin=C22-2
Removed Pin From Net: NetName=GND Pin=C25-2
Removed Pin From Net: NetName=PUMP Pin=D1-3
Removed Pin From Net: NetName=NetC3_1 Pin=D4-2
Removed Pin From Net: NetName=GND Pin=Display1-3
Removed Pin From Net: NetName=GND Pin=Display1-8
Removed Pin From Net: NetName=NetC4_1 Pin=Display1-9
Removed Pin From Net: NetName=NetC4_1 Pin=Display1-10
Removed Pin From Net: NetName=GND Pin=J1-5
Removed Pin From Net: NetName=GND Pin=J1-MH1
Removed Pin From Net: NetName=GND Pin=J1-MH2
Removed Pin From Net: NetName=GND Pin=J1-MH3
Removed Pin From Net: NetName=GND Pin=J1-MH3
Removed Pin From Net: NetName=GND Pin=J1-MH4
Removed Pin From Net: NetName=GND Pin=J1-MH4
Removed Pin From Net: NetName=GND Pin=KEY1-3
Removed Pin From Net: NetName=GND Pin=KEY1-3
Removed Pin From Net: NetName=GND Pin=KEY2-3
Removed Pin From Net: NetName=GND Pin=KEY2-3
Removed Pin From Net: NetName=GND Pin=KEY3-3
Removed Pin From Net: NetName=GND Pin=KEY3-3
Removed Pin From Net: NetName=GND Pin=Q2-2
Removed Pin From Net: NetName=GND Pin=Q4-2
Removed Pin From Net: NetName=GND Pin=Q5-2
Removed Pin From Net: NetName=GND Pin=Q6-2
Removed Pin From Net: NetName=GND Pin=Q7-2
Removed Pin From Net: NetName=PUMP Pin=Q8-2
Removed Pin From Net: NetName=NetQ1_1 Pin=R2-2
Removed Pin From Net: NetName=GND Pin=R3-1
Removed Pin From Net: NetName=NetC1_1 Pin=R4-1
Removed Pin From Net: NetName=NetQ1_1 Pin=R4-2
Removed Pin From Net: NetName=NetQ1_3 Pin=R5-1
Removed Pin From Net: NetName=GND Pin=R5-2
Removed Pin From Net: NetName=NetC3_1 Pin=R6-1
Removed Pin From Net: NetName=GND Pin=R7-1
Removed Pin From Net: NetName=GND Pin=R13-1
Removed Pin From Net: NetName=GND Pin=R20-1
Removed Pin From Net: NetName=GND Pin=R21-2
Removed Pin From Net: NetName=GND Pin=R22-1
Removed Pin From Net: NetName=GND Pin=R24-1
Removed Pin From Net: NetName=PUMP Pin=R27-1
Removed Pin From Net: NetName=GND Pin=R28-2
Removed Pin From Net: NetName=GND Pin=R31-1
Removed Pin From Net: NetName=GND Pin=SensorGND1-1
Removed Pin From Net: NetName=NetC8_1 Pin=U1-5
Removed Pin From Net: NetName=GND Pin=U1-8
Removed Pin From Net: NetName=GND Pin=U1-23
Removed Pin From Net: NetName=NetQ1_3 Pin=U1-29
Removed Pin From Net: NetName=GND Pin=U1-35
Removed Pin From Net: NetName=NetC4_1 Pin=U1-43
Removed Pin From Net: NetName=GND Pin=U1-44
Removed Pin From Net: NetName=GND Pin=U1-47
Removed Pin From Net: NetName=GND Pin=U1-49
Removed Pin From Net: NetName=GND Pin=U2-4
Removed Pin From Net: NetName=NetC5_1 Pin=U2-5
Removed Pin From Net: NetName=GND Pin=U3-2
Removed Pin From Net: NetName=GND Pin=U4-2
Removed Pin From Net: NetName=PUMP Pin=U5-1
Removed Pin From Net: NetName=GND Pin=U5-2
Removed Pin From Net: NetName=GND Pin=U5-3
Removed Pin From Net: NetName=GND Pin=U5-4
Removed Pin From Net: NetName=GND Pin=U5-5
Removed Pin From Net: NetName=GND Pin=U5-12
Removed Pin From Net: NetName=GND Pin=U5-14
Removed Pin From Net: NetName=GND Pin=U5-15
Removed Pin From Net: NetName=NetC8_1 Pin=Z1-1
Removed Member From Class: ClassName=Micron-6 Member=Batt+1
Removed Member From Class: ClassName=Micron-6 Member=Batt-1
Removed Member From Class: ClassName=Micron-6 Member=clk
Removed Member From Class: ClassName=Micron-6 Member=Display1
Removed Member From Class: ClassName=Micron-6 Member=io
Removed Member From Class: ClassName=Micron-6 Member=J1
Removed Member From Class: ClassName=Micron-6 Member=KEY1
Removed Member From Class: ClassName=Micron-6 Member=KEY2
Removed Member From Class: ClassName=Micron-6 Member=KEY3
Removed Member From Class: ClassName=Micron-6 Member=L1
Removed Member From Class: ClassName=Micron-6 Member=LED1
Removed Member From Class: ClassName=Micron-6 Member=Logo
Removed Member From Class: ClassName=Micron-6 Member=Q2
Removed Member From Class: ClassName=Micron-6 Member=Q3
Removed Member From Class: ClassName=Micron-6 Member=Q4
Removed Member From Class: ClassName=Micron-6 Member=Q5
Removed Member From Class: ClassName=Micron-6 Member=Q6
Removed Member From Class: ClassName=Micron-6 Member=Q7
Removed Member From Class: ClassName=Micron-6 Member=Q8
Removed Member From Class: ClassName=Micron-6 Member=R9
Removed Member From Class: ClassName=Micron-6 Member=R10
Removed Member From Class: ClassName=Micron-6 Member=R11
Removed Member From Class: ClassName=Micron-6 Member=R12
Removed Member From Class: ClassName=Micron-6 Member=R13
Removed Member From Class: ClassName=Micron-6 Member=R14
Removed Member From Class: ClassName=Micron-6 Member=R15
Removed Member From Class: ClassName=Micron-6 Member=R16
Removed Member From Class: ClassName=Micron-6 Member=R17
Removed Member From Class: ClassName=Micron-6 Member=R18
Removed Member From Class: ClassName=Micron-6 Member=R19
Removed Member From Class: ClassName=Micron-6 Member=R20
Removed Member From Class: ClassName=Micron-6 Member=R21
Removed Member From Class: ClassName=Micron-6 Member=R22
Removed Member From Class: ClassName=Micron-6 Member=R23
Removed Member From Class: ClassName=Micron-6 Member=R24
Removed Member From Class: ClassName=Micron-6 Member=R25
Removed Member From Class: ClassName=Micron-6 Member=R26
Removed Member From Class: ClassName=Micron-6 Member=R27
Removed Member From Class: ClassName=Micron-6 Member=R28
Removed Member From Class: ClassName=Micron-6 Member=R29
Removed Member From Class: ClassName=Micron-6 Member=R30
Removed Member From Class: ClassName=Micron-6 Member=R31
Removed Member From Class: ClassName=Micron-6 Member=Sensor
Removed Member From Class: ClassName=Micron-6 Member=SensorGND1
Removed Member From Class: ClassName=Micron-6 Member=Sound1
Removed Member From Class: ClassName=Micron-6 Member=Sound2
Removed Member From Class: ClassName=Micron-6 Member=U4
Removed Member From Class: ClassName=Micron-6 Member=U5
Removed Member From Class: ClassName=Micron-6 Member=Vibro
Removed Member From Class: ClassName=Micron-6 Member=Z1
Removed Member From Class: ClassName=Micron-6 Member=Z2
Change Component DesignItemId : Designator=D1 Old DesignItemId=BAT54C New DesignItemId=Diode
Change Component DesignItemId : Designator=D4 Old DesignItemId=BAV99 New DesignItemId=Diode
Change Component DesignItemId : Designator=Q1 Old DesignItemId=BC857CT New DesignItemId=IRLML2402
Change Component DesignItemId : Designator=C9 Old DesignItemId=CAPACITOR New DesignItemId=Cap Semi
Change Component DesignItemId : Designator=C10 Old DesignItemId=CAPACITOR New DesignItemId=Cap Semi
Change Component DesignItemId : Designator=C12 Old DesignItemId=CAPACITOR New DesignItemId=Cap Semi
Change Component DesignItemId : Designator=C23 Old DesignItemId=CAPACITOR New DesignItemId=Cap Semi
Change Component DesignItemId : Designator=R3 Old DesignItemId=Resistor 0805 New DesignItemId=Res Tap
Change Component DesignItemId : Designator=U1 Old DesignItemId=STM32L152CBU6 New DesignItemId=AD8541ARTZ-R2
Change Component DesignItemId : Designator=U2 Old DesignItemId=TPS60400 New DesignItemId=TPS78330DDCR
Change Component DesignItemId : Designator=U3 Old DesignItemId=USBLC6-2 New DesignItemId=LMC555CM
Change Component Footprint: Designator=C4 Old Footprint=0402 AVX New Footprint=1608[0603]_RES
Change Component Footprint: Designator=C5 Old Footprint=0402 AVX New Footprint=1608[0603]_RES
Change Component Footprint: Designator=C6 Old Footprint=0402 AVX New Footprint=1608[0603]_RES
Change Component Footprint: Designator=C7 Old Footprint=0402 AVX New Footprint=1608[0603]_RES
Change Component Footprint: Designator=C8 Old Footprint=0402 AVX New Footprint=1608[0603]_RES
Change Component Footprint: Designator=C11 Old Footprint=0402 AVX New Footprint=1608[0603]_RES
Change Component Footprint: Designator=C16 Old Footprint=0402 AVX New Footprint=1608[0603]_RES
Change Component Footprint: Designator=C17 Old Footprint=0402 AVX New Footprint=1608[0603]_RES
Change Component Footprint: Designator=C19 Old Footprint=0402 AVX New Footprint=1608[0603]_RES
Change Component Footprint: Designator=C20 Old Footprint=0402 AVX New Footprint=1608[0603]_RES
Change Component Footprint: Designator=C21 Old Footprint=0402 AVX New Footprint=1608[0603]_RES
Change Component Footprint: Designator=C22 Old Footprint=0402 AVX New Footprint=1608[0603]_RES
Change Component Footprint: Designator=C25 Old Footprint=0402 AVX New Footprint=1608[0603]_RES
Change Component Footprint: Designator=C14 Old Footprint=0402 AVX New Footprint=C1206
Change Component Footprint: Designator=C15 Old Footprint=0402 AVX New Footprint=C1206
Change Component Footprint: Designator=C18 Old Footprint=0402 AVX New Footprint=C1206
Change Component Footprint: Designator=R1 Old Footprint=0805 SW-2012 STD New Footprint=1608[0603]_RES
Change Component Footprint: Designator=C1 Old Footprint=0805 SW-2012 STD New Footprint=C1206
Change Component Footprint: Designator=C3 Old Footprint=1608[0603]_CAP New Footprint=1608[0603]_RES
Change Component Footprint: Designator=C9 Old Footprint=1608[0603]_CAP New Footprint=1608[0603]_RES
Change Component Footprint: Designator=C10 Old Footprint=1608[0603]_CAP New Footprint=1608[0603]_RES
Change Component Footprint: Designator=C24 Old Footprint=1608[0603]_CAP New Footprint=1608[0603]_RES
Change Component Footprint: Designator=R5 Old Footprint=1608[0603]_RES New Footprint=1608[0603]
Change Component Footprint: Designator=R7 Old Footprint=1608[0603]_RES New Footprint=1608[0603]
Change Component Footprint: Designator=R6 Old Footprint=1608[0603]_RES New Footprint=HVF2512T5007FE
Change Component Footprint: Designator=R3 Old Footprint=1608[0603]_RES New Footprint=VR3
Change Component Footprint: Designator=C2 Old Footprint=C1206 New Footprint=1608[0603]_RES
Change Component Footprint: Designator=C12 Old Footprint=C1206 New Footprint=1608[0603]_RES
Change Component Footprint: Designator=C13 Old Footprint=C1206 New Footprint=1608[0603]_RES
Change Component Footprint: Designator=C23 Old Footprint=C1206 New Footprint=1608[0603]_RES
Change Component Footprint: Designator=D1 Old Footprint=SOT23-3 New Footprint=DA2JF8100L
Change Component Footprint: Designator=D4 Old Footprint=SOT23-3 New Footprint=DA2JF8100L
Change Component Footprint: Designator=U2 Old Footprint=SOT95P245X110-5N New Footprint=TI-DDC5_N
Change Component Footprint: Designator=U3 Old Footprint=SOT95P245X110-6N New Footprint=M08A_N
Change Component Footprint: Designator=Q1 Old Footprint=SOT416_N New Footprint=PMR400UN
Change Component Footprint: Designator=U1 Old Footprint=UFQFPN48 New Footprint=ADI-RJ-5_N
Change Component Comment : Designator=R2 Old Comment=1.5k New Comment=47k
Change Component Comment : Designator=C5 Old Comment=1uF New Comment=10nF
Change Component Comment : Designator=C6 Old Comment=1uF New Comment=10nF
Change Component Comment : Designator=C11 Old Comment=1uF New Comment=10nF
Change Component Comment : Designator=C20 Old Comment=1uF New Comment=10nF
Change Component Comment : Designator=C21 Old Comment=1uF New Comment=10nF
Change Component Comment : Designator=R1 Old Comment=3.3M 400V New Comment=22R
Change Component Comment : Designator=R7 Old Comment=4.53k New Comment=6,04M
Change Component Comment : Designator=C23 Old Comment=4u7 New Comment=10nF
Change Component Comment : Designator=R5 Old Comment=10k New Comment=1K
Change Component Comment : Designator=R4 Old Comment=10K New Comment=150k
Change Component Comment : Designator=R8 Old Comment=10k New Comment=470R
Change Component Comment : Designator=R3 Old Comment=10k New Comment=Res Tap
Change Component Comment : Designator=C2 Old Comment=10nF 600V New Comment=10nF
Change Component Comment : Designator=C1 Old Comment=10pF 1kV New Comment=4.7nF
Change Component Comment : Designator=C17 Old Comment=10pF New Comment=10nF
Change Component Comment : Designator=C18 Old Comment=10pF New Comment=10nF
Change Component Comment : Designator=C9 Old Comment=10u New Comment=10nF
Change Component Comment : Designator=C13 Old Comment=10uF New Comment=10nF
Change Component Comment : Designator=C7 Old Comment=18pF New Comment=10nF
Change Component Comment : Designator=C8 Old Comment=18pF New Comment=10nF
Change Component Comment : Designator=C12 Old Comment=22uF New Comment=10nF
Change Component Comment : Designator=C14 Old Comment=100nF New Comment=4.7nF
Change Component Comment : Designator=C15 Old Comment=100nF New Comment=4.7nF
Change Component Comment : Designator=C4 Old Comment=100nF New Comment=10nF
Change Component Comment : Designator=C10 Old Comment=100nF New Comment=10nF
Change Component Comment : Designator=C16 Old Comment=100nF New Comment=10nF
Change Component Comment : Designator=C19 Old Comment=100nF New Comment=10nF
Change Component Comment : Designator=C22 Old Comment=100nF New Comment=10nF
Change Component Comment : Designator=C25 Old Comment=100nF New Comment=10nF
Change Component Comment : Designator=R6 Old Comment=150k New Comment=5G
Change Component Comment : Designator=C3 Old Comment=220pF New Comment=10nF
Change Component Comment : Designator=D1 Old Comment=BAR43C New Comment=DA2JF8100L
Change Component Comment : Designator=D4 Old Comment=BAV99 New Comment=
Change Component Comment : Designator=Q1 Old Comment=BC857CT New Comment=RUM002N05T2L
Change Component Comment : Designator=D2 Old Comment=DA2JF8100L New Comment=
Change Component Comment : Designator=U1 Old Comment=STM32L152CBU6 New Comment=AD8541ARTZ
Change Component Comment : Designator=U2 Old Comment=TPS60400DBV New Comment=TPS78330DDCR
Change Component Comment : Designator=U3 Old Comment=USBLC6-2SC6 New Comment=LMC555CM
Added Component: Designator=C26(1608[0603]_RES)
Added Component: Designator=C27(1608[0603]_RES)
Added Component: Designator=C28(1608[0603]_RES)
Added Component: Designator=C29(0402 AVX)
Added Component: Designator=C30(0402 AVX)
Added Component: Designator=C31(0402 AVX)
Added Component: Designator=C32(1608[0603]_RES)
Added Component: Designator=C33(1608[0603]_RES)
Added Component: Designator=D3(DA2JF8100L)
Added Component: Designator=D5(DA2JF8100L)
Added Component: Designator=D6(DA2JF8100L)
Added Component: Designator=D7(DA2JF8100L)
Added Component: Designator=D8(DA2JF8100L)
Added Component: Designator=D9(DA2JF8100L)
Added Component: Designator=D10(DA2JF8100L)
Added Component: Designator=D11(DA2JF8100L)
Added Component: Designator=D12(DA2JF8100L)
Added Component: Designator=D13(DA2JF8100L)
Added Component: Designator=D14(DA2JF8100L)
Added Component: Designator=D15(DA2JF8100L)
Added Component: Designator=D16(DA2JF8100L)
Added Component: Designator=D17(DA2JF8100L)
Added Component: Designator=D18(DA2JF8100L)
Added Component: Designator=D19(DA2JF8100L)
Added Component: Designator=D20(DA2JF8100L)
Added Component: Designator=D21(DA2JF8100L)
Added Component: Designator=D22(DA2JF8100L)
Added Component: Designator=D23(DA2JF8100L)
Added Component: Designator=D24(DA2JF8100L)
Added Component: Designator=D25(DA2JF8100L)
Added Component: Designator=D26(DA2JF8100L)
Added Component: Designator=D27(DA2JF8100L)
Added Component: Designator=D28(GRZZ0002ZB-A)
Added Component: Designator=LX1(Resistor)
Added Pin To Net: NetName=PUMP Pin=C1-2
Added Pin To Net: NetName=NetC1_1 Pin=C2-2
Added Pin To Net: NetName=NetC3_1 Pin=C4-2
Added Pin To Net: NetName=NetC4_1 Pin=C5-2
Added Pin To Net: NetName=NetC5_1 Pin=C6-2
Added Pin To Net: NetName=NetC8_1 Pin=C9-2
Added Pin To Net: NetName=GND Pin=C28-2
Added Pin To Net: NetName=GND Pin=C29-1
Added Pin To Net: NetName=GND Pin=C32-1
Added Pin To Net: NetName=GND Pin=C33-2
Added Pin To Net: NetName=PUMP Pin=D1-2
Added Pin To Net: NetName=NetC1_1 Pin=D2-1
Added Pin To Net: NetName=NetC1_1 Pin=D3-2
Added Pin To Net: NetName=NetC3_1 Pin=D6-1
Added Pin To Net: NetName=NetC3_1 Pin=D7-2
Added Pin To Net: NetName=NetC4_1 Pin=D8-1
Added Pin To Net: NetName=NetC4_1 Pin=D9-2
Added Pin To Net: NetName=NetC5_1 Pin=D10-1
Added Pin To Net: NetName=NetC5_1 Pin=D11-2
Added Pin To Net: NetName=NetC8_1 Pin=D16-1
Added Pin To Net: NetName=NetC8_1 Pin=D17-2
Added Pin To Net: NetName=GND Pin=Q1-2
Added Pin To Net: NetName=GND Pin=R3-2
Added Pin To Net: NetName=NetQ1_1 Pin=R8-1
Added Pin To Net: NetName=PUMP Pin=T1-2
Added Pin To Net: NetName=GND Pin=T1-3
Added Pin To Net: NetName=NetQ1_3 Pin=T1-4
Added Pin To Net: NetName=GND Pin=U3-1
Added Pin To Net: NetName=DINODE 1 Pin=C25-1
Added Pin To Net: NetName=DINODE 1 Pin=C26-2
Added Pin To Net: NetName=DINODE 1 Pin=D23-1
Added Pin To Net: NetName=DINODE 1 Pin=D24-2
Added Net: Name=DINODE 1
Added Pin To Net: NetName=DINODE 2 Pin=C24-1
Added Pin To Net: NetName=DINODE 2 Pin=C25-2
Added Pin To Net: NetName=DINODE 2 Pin=D21-1
Added Pin To Net: NetName=DINODE 2 Pin=D22-2
Added Net: Name=DINODE 2
Added Pin To Net: NetName=DINODE 3 Pin=C23-1
Added Pin To Net: NetName=DINODE 3 Pin=C24-2
Added Pin To Net: NetName=DINODE 3 Pin=D19-1
Added Pin To Net: NetName=DINODE 3 Pin=D20-2
Added Net: Name=DINODE 3
Added Pin To Net: NetName=DINODE 4 Pin=C22-1
Added Pin To Net: NetName=DINODE 4 Pin=C23-2
Added Pin To Net: NetName=DINODE 4 Pin=D17-1
Added Pin To Net: NetName=DINODE 4 Pin=D18-2
Added Net: Name=DINODE 4
Added Pin To Net: NetName=DINODE 5 Pin=C21-1
Added Pin To Net: NetName=DINODE 5 Pin=C22-2
Added Pin To Net: NetName=DINODE 5 Pin=D15-1
Added Pin To Net: NetName=DINODE 5 Pin=D16-2
Added Net: Name=DINODE 5
Added Pin To Net: NetName=DINODE 6 Pin=C20-1
Added Pin To Net: NetName=DINODE 6 Pin=C21-2
Added Pin To Net: NetName=DINODE 6 Pin=D13-1
Added Pin To Net: NetName=DINODE 6 Pin=D14-2
Added Net: Name=DINODE 6
Added Pin To Net: NetName=DINODE 7 Pin=C19-1
Added Pin To Net: NetName=DINODE 7 Pin=C20-2
Added Pin To Net: NetName=DINODE 7 Pin=D11-1
Added Pin To Net: NetName=DINODE 7 Pin=D12-2
Added Net: Name=DINODE 7
Added Pin To Net: NetName=DINODE 8 Pin=C18-1
Added Pin To Net: NetName=DINODE 8 Pin=C19-2
Added Pin To Net: NetName=DINODE 8 Pin=D9-1
Added Pin To Net: NetName=DINODE 8 Pin=D10-2
Added Net: Name=DINODE 8
Added Pin To Net: NetName=DINODE 9 Pin=C17-1
Added Pin To Net: NetName=DINODE 9 Pin=C18-2
Added Pin To Net: NetName=DINODE 9 Pin=D7-1
Added Pin To Net: NetName=DINODE 9 Pin=D8-2
Added Net: Name=DINODE 9
Added Pin To Net: NetName=DINODE 10 Pin=C16-1
Added Pin To Net: NetName=DINODE 10 Pin=C17-2
Added Pin To Net: NetName=DINODE 10 Pin=D5-1
Added Pin To Net: NetName=DINODE 10 Pin=D6-2
Added Net: Name=DINODE 10
Added Pin To Net: NetName=DINODE 11 Pin=C15-1
Added Pin To Net: NetName=DINODE 11 Pin=C16-2
Added Pin To Net: NetName=DINODE 11 Pin=D3-1
Added Pin To Net: NetName=DINODE 11 Pin=D4-2
Added Net: Name=DINODE 11
Added Pin To Net: NetName=DINODE 12 Pin=C14-1
Added Pin To Net: NetName=DINODE 12 Pin=C15-2
Added Pin To Net: NetName=DINODE 12 Pin=D1-1
Added Pin To Net: NetName=DINODE 12 Pin=D2-2
Added Net: Name=DINODE 12
Added Pin To Net: NetName=FOTO-KAT Pin=C27-1
Added Pin To Net: NetName=FOTO-KAT Pin=D27-1
Added Pin To Net: NetName=FOTO-KAT Pin=R6-1
Added Net: Name=FOTO-KAT
Added Pin To Net: NetName=GND2 Pin=C30-2
Added Pin To Net: NetName=GND2 Pin=C31-2
Added Pin To Net: NetName=GND2 Pin=R7-2
Added Pin To Net: NetName=GND2 Pin=U1-2
Added Net: Name=GND2
Added Pin To Net: NetName=NetC2_1 Pin=C2-1
Added Pin To Net: NetName=NetC2_1 Pin=C3-2
Added Pin To Net: NetName=NetC2_1 Pin=D4-1
Added Pin To Net: NetName=NetC2_1 Pin=D5-2
Added Net: Name=NetC2_1
Added Pin To Net: NetName=NetC6_1 Pin=C6-1
Added Pin To Net: NetName=NetC6_1 Pin=C7-2
Added Pin To Net: NetName=NetC6_1 Pin=D12-1
Added Pin To Net: NetName=NetC6_1 Pin=D13-2
Added Net: Name=NetC6_1
Added Pin To Net: NetName=NetC7_1 Pin=C7-1
Added Pin To Net: NetName=NetC7_1 Pin=C8-2
Added Pin To Net: NetName=NetC7_1 Pin=D14-1
Added Pin To Net: NetName=NetC7_1 Pin=D15-2
Added Net: Name=NetC7_1
Added Pin To Net: NetName=NetC9_1 Pin=C9-1
Added Pin To Net: NetName=NetC9_1 Pin=C10-2
Added Pin To Net: NetName=NetC9_1 Pin=D18-1
Added Pin To Net: NetName=NetC9_1 Pin=D19-2
Added Net: Name=NetC9_1
Added Pin To Net: NetName=NetC10_1 Pin=C10-1
Added Pin To Net: NetName=NetC10_1 Pin=C11-2
Added Pin To Net: NetName=NetC10_1 Pin=D20-1
Added Pin To Net: NetName=NetC10_1 Pin=D21-2
Added Net: Name=NetC10_1
Added Pin To Net: NetName=NetC11_1 Pin=C11-1
Added Pin To Net: NetName=NetC11_1 Pin=C12-2
Added Pin To Net: NetName=NetC11_1 Pin=D22-1
Added Pin To Net: NetName=NetC11_1 Pin=D23-2
Added Net: Name=NetC11_1
Added Pin To Net: NetName=NetC12_1 Pin=C12-1
Added Pin To Net: NetName=NetC12_1 Pin=C13-2
Added Pin To Net: NetName=NetC12_1 Pin=D24-1
Added Pin To Net: NetName=NetC12_1 Pin=D25-2
Added Net: Name=NetC12_1
Added Pin To Net: NetName=NetC13_1 Pin=C13-1
Added Pin To Net: NetName=NetC13_1 Pin=D26-1
Added Pin To Net: NetName=NetC13_1 Pin=D27-2
Added Net: Name=NetC13_1
Added Pin To Net: NetName=NetC26_1 Pin=C26-1
Added Pin To Net: NetName=NetC26_1 Pin=C27-2
Added Pin To Net: NetName=NetC26_1 Pin=D25-1
Added Pin To Net: NetName=NetC26_1 Pin=D26-2
Added Net: Name=NetC26_1
Added Pin To Net: NetName=NetC28_1 Pin=C28-1
Added Pin To Net: NetName=NetC28_1 Pin=R1-2
Added Pin To Net: NetName=NetC28_1 Pin=T1-1
Added Net: Name=NetC28_1
Added Pin To Net: NetName=NetC29_2 Pin=C29-2
Added Pin To Net: NetName=NetC29_2 Pin=R3-3
Added Pin To Net: NetName=NetC29_2 Pin=U1-4
Added Net: Name=NetC29_2
Added Pin To Net: NetName=NetC30_1 Pin=C30-1
Added Pin To Net: NetName=NetC30_1 Pin=R6-2
Added Pin To Net: NetName=NetC30_1 Pin=R7-1
Added Pin To Net: NetName=NetC30_1 Pin=U1-3
Added Net: Name=NetC30_1
Added Pin To Net: NetName=NetC31_1 Pin=C31-1
Added Pin To Net: NetName=NetC31_1 Pin=LX1-2
Added Pin To Net: NetName=NetC31_1 Pin=R3-1
Added Pin To Net: NetName=NetC31_1 Pin=U1-5
Added Net: Name=NetC31_1
Added Pin To Net: NetName=NetC32_2 Pin=C32-2
Added Pin To Net: NetName=NetC32_2 Pin=D28-1
Added Pin To Net: NetName=NetC32_2 Pin=R4-1
Added Pin To Net: NetName=NetC32_2 Pin=U3-2
Added Pin To Net: NetName=NetC32_2 Pin=U3-6
Added Net: Name=NetC32_2
Added Pin To Net: NetName=NetC33_1 Pin=C33-1
Added Pin To Net: NetName=NetC33_1 Pin=U3-5
Added Net: Name=NetC33_1
Added Pin To Net: NetName=NetD28_2 Pin=D28-2
Added Pin To Net: NetName=NetD28_2 Pin=R2-1
Added Pin To Net: NetName=NetD28_2 Pin=R4-2
Added Pin To Net: NetName=NetD28_2 Pin=U3-7
Added Net: Name=NetD28_2
Added Pin To Net: NetName=NetR5_1 Pin=R5-1
Added Pin To Net: NetName=NetR5_1 Pin=U1-1
Added Net: Name=NetR5_1
Added Pin To Net: NetName=NetR5_2 Pin=R5-2
Added Pin To Net: NetName=NetR5_2 Pin=U3-4
Added Net: Name=NetR5_2
Added Pin To Net: NetName=NetR8_2 Pin=R8-2
Added Pin To Net: NetName=NetR8_2 Pin=U3-3
Added Net: Name=NetR8_2
Added Pin To Net: NetName=VCC Pin=LX1-1
Added Pin To Net: NetName=VCC Pin=R1-1
Added Pin To Net: NetName=VCC Pin=R2-2
Added Pin To Net: NetName=VCC Pin=U3-8
Added Net: Name=VCC
Change Class Name : Old Net Name=Micron-6 New Net Name=Умножитель
Added Member To Class: ClassName=Умножитель Member=Component C26 10nF
Added Member To Class: ClassName=Умножитель Member=Component C27 10nF
Added Member To Class: ClassName=Умножитель Member=Component C28 10uF
Added Member To Class: ClassName=Умножитель Member=Component C29 100nF
Added Member To Class: ClassName=Умножитель Member=Component C30 8pF
Added Member To Class: ClassName=Умножитель Member=Component C31 100nF
Added Member To Class: ClassName=Умножитель Member=Component C32 220pF
Added Member To Class: ClassName=Умножитель Member=Component C33 1nF
Added Member To Class: ClassName=Умножитель Member=Component D3 
Added Member To Class: ClassName=Умножитель Member=Component D5 
Added Member To Class: ClassName=Умножитель Member=Component D6 
Added Member To Class: ClassName=Умножитель Member=Component D7 
Added Member To Class: ClassName=Умножитель Member=Component D8 
Added Member To Class: ClassName=Умножитель Member=Component D9 
Added Member To Class: ClassName=Умножитель Member=Component D10 
Added Member To Class: ClassName=Умножитель Member=Component D11 
Added Member To Class: ClassName=Умножитель Member=Component D12 
Added Member To Class: ClassName=Умножитель Member=Component D13 
Added Member To Class: ClassName=Умножитель Member=Component D14 
Added Member To Class: ClassName=Умножитель Member=Component D15 
Added Member To Class: ClassName=Умножитель Member=Component D16 
Added Member To Class: ClassName=Умножитель Member=Component D17 
Added Member To Class: ClassName=Умножитель Member=Component D18 
Added Member To Class: ClassName=Умножитель Member=Component D19 
Added Member To Class: ClassName=Умножитель Member=Component D20 
Added Member To Class: ClassName=Умножитель Member=Component D21 
Added Member To Class: ClassName=Умножитель Member=Component D22 
Added Member To Class: ClassName=Умножитель Member=Component D23 
Added Member To Class: ClassName=Умножитель Member=Component D24 
Added Member To Class: ClassName=Умножитель Member=Component D25 
Added Member To Class: ClassName=Умножитель Member=Component D26 
Added Member To Class: ClassName=Умножитель Member=Component D27 
Added Member To Class: ClassName=Умножитель Member=Component D28 1N4148
Added Member To Class: ClassName=Умножитель Member=Component LX1 Ferrite beard
Added Room: Name=Умножитель
