Removed Pin From Net: NetName=DINODE2 Pin=C8-2
Removed Pin From Net: NetName=DINODE7 Pin=D1-1
Removed Pin From Net: NetName=DINODE7 Pin=D2-2
Removed Pin From Net: NetName=DINODE6 Pin=D3-1
Removed Pin From Net: NetName=DINODE6 Pin=D4-2
Removed Pin From Net: NetName=DINODE5 Pin=D5-1
Removed Pin From Net: NetName=DINODE5 Pin=D6-2
Removed Pin From Net: NetName=DINODE4 Pin=D7-1
Removed Pin From Net: NetName=DINODE4 Pin=D8-2
Removed Pin From Net: NetName=DINODE3 Pin=D9-1
Removed Pin From Net: NetName=DINODE3 Pin=D10-2
Removed Pin From Net: NetName=DINODE2 Pin=D11-1
Removed Pin From Net: NetName=DINODE2 Pin=D12-2
Removed Pin From Net: NetName=DINODE1 Pin=D16-2
Removed Pin From Net: NetName=FOTOKAT Pin=D17-2
Removed Member From Class: ClassName=FEU-102-1_part2 Member=C1
Removed Member From Class: ClassName=FEU-102-1_part2 Member=C2
Removed Member From Class: ClassName=FEU-102-1_part2 Member=C3
Removed Member From Class: ClassName=FEU-102-1_part2 Member=C4
Removed Member From Class: ClassName=FEU-102-1_part2 Member=C5
Removed Member From Class: ClassName=FEU-102-1_part2 Member=C6
Removed Member From Class: ClassName=FEU-102-1_part2 Member=C7
Removed Member From Class: ClassName=FEU-102-1_part2 Member=C8
Removed Member From Class: ClassName=FEU-102-1_part2 Member=C9
Removed Member From Class: ClassName=FEU-102-1_part2 Member=D1
Removed Member From Class: ClassName=FEU-102-1_part2 Member=D2
Removed Member From Class: ClassName=FEU-102-1_part2 Member=D3
Removed Member From Class: ClassName=FEU-102-1_part2 Member=D4
Removed Member From Class: ClassName=FEU-102-1_part2 Member=D5
Removed Member From Class: ClassName=FEU-102-1_part2 Member=D6
Removed Member From Class: ClassName=FEU-102-1_part2 Member=D7
Removed Member From Class: ClassName=FEU-102-1_part2 Member=D8
Removed Member From Class: ClassName=FEU-102-1_part2 Member=D9
Removed Member From Class: ClassName=FEU-102-1_part2 Member=D10
Removed Member From Class: ClassName=FEU-102-1_part2 Member=D11
Removed Member From Class: ClassName=FEU-102-1_part2 Member=D12
Removed Member From Class: ClassName=FEU-102-1_part2 Member=D13
Removed Member From Class: ClassName=FEU-102-1_part2 Member=D14
Removed Member From Class: ClassName=FEU-102-1_part2 Member=D15
Removed Member From Class: ClassName=FEU-102-1_part2 Member=D16
Removed Member From Class: ClassName=FEU-102-1_part2 Member=D17
