Change Component Comment : Designator=C30 Old Comment=2.2pF New Comment=470pF
Change Component Comment : Designator=R14 Old Comment=12R New Comment=100R
Change Component Comment : Designator=R16 Old Comment=15M New Comment=100K
Added Component: Designator=C43(C1206)
Added Component: Designator=C44(C1206)
Added Component: Designator=C45(0805_CAP)
Added Component: Designator=C46(0805_CAP)
Added Component: Designator=C47(0805_CAP)
Added Component: Designator=C48(0805_CAP)
Added Component: Designator=C49(0805_CAP)
Added Component: Designator=C50(0805_CAP)
Added Component: Designator=C51(0805_CAP)
Added Component: Designator=C52(0805_CAP)
Added Component: Designator=C53(0805_CAP)
Added Component: Designator=C54(0805_CAP)
Added Component: Designator=C55(0805_CAP)
Added Component: Designator=C56(0805_CAP)
Added Pin To Net: NetName=DINODE 12 Pin=C43-1
Added Pin To Net: NetName=GND Pin=C43-2
Added Pin To Net: NetName=DINODE 11 Pin=C44-1
Added Pin To Net: NetName=DINODE 12 Pin=C44-2
Added Pin To Net: NetName=DINODE 10 Pin=C45-1
Added Pin To Net: NetName=DINODE 11 Pin=C45-2
Added Pin To Net: NetName=DINODE 9 Pin=C46-1
Added Pin To Net: NetName=DINODE 10 Pin=C46-2
Added Pin To Net: NetName=DINODE 8 Pin=C47-1
Added Pin To Net: NetName=DINODE 9 Pin=C47-2
Added Pin To Net: NetName=DINODE 7 Pin=C48-1
Added Pin To Net: NetName=DINODE 8 Pin=C48-2
Added Pin To Net: NetName=DINODE 6 Pin=C49-1
Added Pin To Net: NetName=DINODE 7 Pin=C49-2
Added Pin To Net: NetName=DINODE 5 Pin=C50-1
Added Pin To Net: NetName=DINODE 6 Pin=C50-2
Added Pin To Net: NetName=DINODE 4 Pin=C51-1
Added Pin To Net: NetName=DINODE 5 Pin=C51-2
Added Pin To Net: NetName=DINODE 3 Pin=C52-1
Added Pin To Net: NetName=DINODE 4 Pin=C52-2
Added Pin To Net: NetName=DINODE 2 Pin=C53-1
Added Pin To Net: NetName=DINODE 3 Pin=C53-2
Added Pin To Net: NetName=DINODE 1 Pin=C54-1
Added Pin To Net: NetName=DINODE 2 Pin=C54-2
Added Pin To Net: NetName=NetC26_1 Pin=C55-1
Added Pin To Net: NetName=DINODE 1 Pin=C55-2
Added Pin To Net: NetName=FOTO-KAT Pin=C56-1
Added Pin To Net: NetName=NetC26_1 Pin=C56-2
Added Member To Class: ClassName=Умножитель Member=Component C43 100nF
Added Member To Class: ClassName=Умножитель Member=Component C44 100nF
Added Member To Class: ClassName=Умножитель Member=Component C45 47nF
Added Member To Class: ClassName=Умножитель Member=Component C46 47nF
Added Member To Class: ClassName=Умножитель Member=Component C47 47nF
Added Member To Class: ClassName=Умножитель Member=Component C48 47nF
Added Member To Class: ClassName=Умножитель Member=Component C49 47nF
Added Member To Class: ClassName=Умножитель Member=Component C50 47nF
Added Member To Class: ClassName=Умножитель Member=Component C51 47nF
Added Member To Class: ClassName=Умножитель Member=Component C52 47nF
Added Member To Class: ClassName=Умножитель Member=Component C53 47nF
Added Member To Class: ClassName=Умножитель Member=Component C54 47nF
Added Member To Class: ClassName=Умножитель Member=Component C55 47nF
Added Member To Class: ClassName=Умножитель Member=Component C56 47nF
