Removed Pin From Net: NetName=ANODE Pin=Anode-1
Removed Pin From Net: NetName=GND Pin=Anode-2
Removed Pin From Net: NetName=GND Pin=Anode-3
Removed Pin From Net: NetName=GND Pin=Anode-4
Removed Pin From Net: NetName=GND Pin=Anode-5
Removed Pin From Net: NetName=GND Pin=BATcon-2
Removed Pin From Net: NetName=GND Pin=C14-2
Removed Pin From Net: NetName=GND Pin=C28-2
Removed Pin From Net: NetName=GND Pin=C32-1
Removed Pin From Net: NetName=GND Pin=C33-2
Removed Pin From Net: NetName=GND Pin=C36-2
Removed Pin From Net: NetName=GND Pin=C39-2
Removed Pin From Net: NetName=GND Pin=C40-2
Removed Pin From Net: NetName=GND Pin=C43-2
Removed Pin From Net: NetName=GND Pin=D29-1
Removed Pin From Net: NetName=NetC29_1 Pin=D29-2
Removed Pin From Net: NetName=NetC42_1 Pin=P1-3
Removed Pin From Net: NetName=GND Pin=P1-7
Removed Pin From Net: NetName=GND Pin=Q1-2
Removed Pin From Net: NetName=NetC41_1 Pin=R2-2
Removed Pin From Net: NetName=NetC30_2 Pin=R6-2
Removed Pin From Net: NetName=GND Pin=R13-2
Removed Pin From Net: NetName=VCC Pin=R15-1
Removed Pin From Net: NetName=GND Pin=R18-2
Removed Pin From Net: NetName=GND Pin=Sig Out-2
Removed Pin From Net: NetName=GND Pin=Sig Out-3
Removed Pin From Net: NetName=GND Pin=Sig Out-4
Removed Pin From Net: NetName=GND Pin=Sig Out-5
Removed Pin From Net: NetName=GND Pin=T1-1
Removed Pin From Net: NetName=GND Pin=T1-GND
Removed Pin From Net: NetName=GND Pin=T1-GND
Removed Pin From Net: NetName=GND Pin=U3-1
Removed Pin From Net: NetName=NetC41_1 Pin=U3-8
Removed Pin From Net: NetName=GND Pin=U5-2
Removed Member From Class: ClassName=Умножитель Member=Anode
Removed Member From Class: ClassName=Умножитель Member=BATcon
Removed Member From Class: ClassName=Умножитель Member=C3
Removed Member From Class: ClassName=Умножитель Member=C4
Removed Member From Class: ClassName=Умножитель Member=C5
Removed Member From Class: ClassName=Умножитель Member=C6
Removed Member From Class: ClassName=Умножитель Member=C7
Removed Member From Class: ClassName=Умножитель Member=C8
Removed Member From Class: ClassName=Умножитель Member=C9
Removed Member From Class: ClassName=Умножитель Member=C10
Removed Member From Class: ClassName=Умножитель Member=C11
Removed Member From Class: ClassName=Умножитель Member=C12
Removed Member From Class: ClassName=Умножитель Member=C13
Removed Member From Class: ClassName=Умножитель Member=C14
Removed Member From Class: ClassName=Умножитель Member=C15
Removed Member From Class: ClassName=Умножитель Member=C16
Removed Member From Class: ClassName=Умножитель Member=C17
Removed Member From Class: ClassName=Умножитель Member=C18
Removed Member From Class: ClassName=Умножитель Member=C19
Removed Member From Class: ClassName=Умножитель Member=C20
Removed Member From Class: ClassName=Умножитель Member=C21
Removed Member From Class: ClassName=Умножитель Member=C22
Removed Member From Class: ClassName=Умножитель Member=C23
Removed Member From Class: ClassName=Умножитель Member=C24
Removed Member From Class: ClassName=Умножитель Member=C25
Removed Member From Class: ClassName=Умножитель Member=C26
Removed Member From Class: ClassName=Умножитель Member=C27
Removed Member From Class: ClassName=Умножитель Member=C28
Removed Member From Class: ClassName=Умножитель Member=C32
Removed Member From Class: ClassName=Умножитель Member=C33
Removed Member From Class: ClassName=Умножитель Member=C36
Removed Member From Class: ClassName=Умножитель Member=C37
Removed Member From Class: ClassName=Умножитель Member=C39
Removed Member From Class: ClassName=Умножитель Member=C40
Removed Member From Class: ClassName=Умножитель Member=C43
Removed Member From Class: ClassName=Умножитель Member=C44
Removed Member From Class: ClassName=Умножитель Member=C45
Removed Member From Class: ClassName=Умножитель Member=C46
Removed Member From Class: ClassName=Умножитель Member=C47
Removed Member From Class: ClassName=Умножитель Member=C48
Removed Member From Class: ClassName=Умножитель Member=C49
Removed Member From Class: ClassName=Умножитель Member=C50
Removed Member From Class: ClassName=Умножитель Member=C51
Removed Member From Class: ClassName=Умножитель Member=C52
Removed Member From Class: ClassName=Умножитель Member=C53
Removed Member From Class: ClassName=Умножитель Member=C54
Removed Member From Class: ClassName=Умножитель Member=C55
Removed Member From Class: ClassName=Умножитель Member=C56
Removed Member From Class: ClassName=Умножитель Member=C57
Removed Member From Class: ClassName=Умножитель Member=C58
Removed Member From Class: ClassName=Умножитель Member=C59
Removed Member From Class: ClassName=Умножитель Member=C60
Removed Member From Class: ClassName=Умножитель Member=C61
Removed Member From Class: ClassName=Умножитель Member=C62
Removed Member From Class: ClassName=Умножитель Member=C63
Removed Member From Class: ClassName=Умножитель Member=C64
Removed Member From Class: ClassName=Умножитель Member=C65
Removed Member From Class: ClassName=Умножитель Member=C66
Removed Member From Class: ClassName=Умножитель Member=C67
Removed Member From Class: ClassName=Умножитель Member=C68
Removed Member From Class: ClassName=Умножитель Member=C69
Removed Member From Class: ClassName=Умножитель Member=D3
Removed Member From Class: ClassName=Умножитель Member=D4
Removed Member From Class: ClassName=Умножитель Member=D5
Removed Member From Class: ClassName=Умножитель Member=D6
Removed Member From Class: ClassName=Умножитель Member=D7
Removed Member From Class: ClassName=Умножитель Member=D8
Removed Member From Class: ClassName=Умножитель Member=D9
Removed Member From Class: ClassName=Умножитель Member=D10
Removed Member From Class: ClassName=Умножитель Member=D11
Removed Member From Class: ClassName=Умножитель Member=D12
Removed Member From Class: ClassName=Умножитель Member=D13
Removed Member From Class: ClassName=Умножитель Member=D14
Removed Member From Class: ClassName=Умножитель Member=D15
Removed Member From Class: ClassName=Умножитель Member=D16
Removed Member From Class: ClassName=Умножитель Member=D17
Removed Member From Class: ClassName=Умножитель Member=D18
Removed Member From Class: ClassName=Умножитель Member=D19
Removed Member From Class: ClassName=Умножитель Member=D20
Removed Member From Class: ClassName=Умножитель Member=D21
Removed Member From Class: ClassName=Умножитель Member=D22
Removed Member From Class: ClassName=Умножитель Member=D23
Removed Member From Class: ClassName=Умножитель Member=D24
Removed Member From Class: ClassName=Умножитель Member=D25
Removed Member From Class: ClassName=Умножитель Member=D26
Removed Member From Class: ClassName=Умножитель Member=D27
Removed Member From Class: ClassName=Умножитель Member=D28
Removed Member From Class: ClassName=Умножитель Member=D29
Removed Member From Class: ClassName=Умножитель Member=Dinode
Removed Member From Class: ClassName=Умножитель Member=M FK
Removed Member From Class: ClassName=Умножитель Member=P1
Removed Member From Class: ClassName=Умножитель Member=Q1
Removed Member From Class: ClassName=Умножитель Member=Q2
Removed Member From Class: ClassName=Умножитель Member=R2
Removed Member From Class: ClassName=Умножитель Member=R4
Removed Member From Class: ClassName=Умножитель Member=R14
Removed Member From Class: ClassName=Умножитель Member=R15
Removed Member From Class: ClassName=Умножитель Member=R18
Removed Member From Class: ClassName=Умножитель Member=R19
Removed Member From Class: ClassName=Умножитель Member=R20
Removed Member From Class: ClassName=Умножитель Member=Sig Out
Removed Member From Class: ClassName=Умножитель Member=T1
Removed Member From Class: ClassName=Умножитель Member=U5
Change Component Footprint: Designator=C2 Old Footprint=0805_CAP New Footprint=C1206
Change Component Footprint: Designator=R8 Old Footprint=1608[0603]_RES New Footprint=1608[0603]
Change Component Footprint: Designator=R9 Old Footprint=1608[0603]_RES New Footprint=1608[0603]
Change Component Footprint: Designator=R11 Old Footprint=1608[0603]_RES New Footprint=1608[0603]
Change Component Footprint: Designator=D1 Old Footprint=DA2JF8100L New Footprint=ONSC-SOD-923-2-514AB-01_V
Change Component Footprint: Designator=D2 Old Footprint=DA2JF8100L New Footprint=ONSC-SOD-923-2-514AB-01_V
Change Component Footprint: Designator=R6 Old Footprint=HVF2512T5007FE New Footprint=1608[0603]
Change Component Footprint: Designator=U3 Old Footprint=M08A_N New Footprint=SOT23-6L
Change Component Comment : Designator=D1 Old Comment= New Comment=ESD9R3.3ST5G
Change Component Comment : Designator=D2 Old Comment= New Comment=ESD9R3.3ST5G
Change Component Comment : Designator=R16 Old Comment=0R New Comment=100K
Change Component Comment : Designator=R12 Old Comment=1K New Comment=49.9R
Change Component Comment : Designator=R5 Old Comment=1K New Comment=100K
Change Component Comment : Designator=R6 Old Comment=5G New Comment=976K
Change Component Comment : Designator=R9 Old Comment=12R New Comment=182K
Change Component Comment : Designator=R11 Old Comment=47k New Comment=976K
Change Component Comment : Designator=C2 Old Comment=47nF New Comment=10uF
Change Component Comment : Designator=C1 Old Comment=100nF New Comment=10uF
Change Component Comment : Designator=R8 Old Comment=120R New Comment=200K
Change Component Comment : Designator=U3 Old Comment=LMC555CM New Comment=LTC6992
Change Component Comment : Designator=U4 Old Comment=TPS78330DDCR New Comment=TPS78326DDCT
Change Component Designator: OldDesignator=R5 NewDesignator=R1
Added Component: Designator=J1(47346-0001)
Added Component: Designator=P?(HDR2X4)
Added Component: Designator=R5(1608[0603])
Added Component: Designator=ФЭУ-?(ФЭУ-102)
Added Pin To Net: NetName=NetC42_1 Pin=C1-1
Added Pin To Net: NetName=GND Pin=C1-2
Added Pin To Net: NetName=NetC42_1 Pin=C2-1
Added Pin To Net: NetName=GND Pin=C2-2
Added Pin To Net: NetName=NetC30_2 Pin=D1-1
Added Pin To Net: NetName=GND Pin=D1-2
Added Pin To Net: NetName=NetR10_1 Pin=D2-1
Added Pin To Net: NetName=GND Pin=D2-2
Added Pin To Net: NetName=NetC42_1 Pin=J1-2
Added Pin To Net: NetName=NetC42_1 Pin=J1-3
Added Pin To Net: NetName=GND Pin=J1-5
Added Pin To Net: NetName=GND Pin=J1-MH1
Added Pin To Net: NetName=GND Pin=J1-MH2
Added Pin To Net: NetName=GND Pin=J1-MH3
Added Pin To Net: NetName=GND Pin=J1-MH3
Added Pin To Net: NetName=GND Pin=J1-MH4
Added Pin To Net: NetName=GND Pin=J1-MH4
Added Pin To Net: NetName=NetC30_2 Pin=P?-1
Added Pin To Net: NetName=GND Pin=P?-2
Added Pin To Net: NetName=ANODE Pin=P?-4
Added Pin To Net: NetName=GND Pin=P?-5
Added Pin To Net: NetName=GND Pin=P?-6
Added Pin To Net: NetName=NetC42_1 Pin=P?-7
Added Pin To Net: NetName=GND Pin=R5-2
Added Pin To Net: NetName=NetC41_1 Pin=R6-1
Added Pin To Net: NetName=GND Pin=R8-2
Added Pin To Net: NetName=GND Pin=R9-2
Added Pin To Net: NetName=GND Pin=U3-2
Added Pin To Net: NetName=NetC41_1 Pin=U3-5
Added Pin To Net: NetName=ANODE Pin=ФЭУ-?-9
Change Net Name : Old Net Name=NetC30_2 New Net Name=HV_IN
Change Net Name : Old Net Name=NetC42_1 New Net Name=VCC_IN
Change Net Name : Old Net Name=NetR10_1 New Net Name=NetD2_1
Added Pin To Net: NetName=180MV Pin=R1-1
Added Pin To Net: NetName=180MV Pin=R5-1
Added Pin To Net: NetName=180MV Pin=U3-1
Added Net: Name=180MV
Added Pin To Net: NetName=DINODE1 Pin=ФЭУ-?-14
Added Net: Name=DINODE1
Added Pin To Net: NetName=DINODE2 Pin=ФЭУ-?-2
Added Net: Name=DINODE2
Added Pin To Net: NetName=DINODE3 Pin=ФЭУ-?-13
Added Net: Name=DINODE3
Added Pin To Net: NetName=DINODE4 Pin=ФЭУ-?-3
Added Net: Name=DINODE4
Added Pin To Net: NetName=DINODE5 Pin=ФЭУ-?-12
Added Net: Name=DINODE5
Added Pin To Net: NetName=DINODE6 Pin=ФЭУ-?-4
Added Net: Name=DINODE6
Added Pin To Net: NetName=DINODE7 Pin=ФЭУ-?-11
Added Net: Name=DINODE7
Added Pin To Net: NetName=DINODE8 Pin=ФЭУ-?-5
Added Net: Name=DINODE8
Added Pin To Net: NetName=DINODE9 Pin=ФЭУ-?-10
Added Net: Name=DINODE9
Added Pin To Net: NetName=DINODE10 Pin=ФЭУ-?-6
Added Net: Name=DINODE10
Added Pin To Net: NetName=DINODE11 Pin=ФЭУ-?-7
Added Net: Name=DINODE11
Added Pin To Net: NetName=DINODE12 Pin=ФЭУ-?-8
Added Net: Name=DINODE12
Added Pin To Net: NetName=FOTOKAT Pin=ФЭУ-?-1
Added Net: Name=FOTOKAT
Added Pin To Net: NetName=NetR1_2 Pin=R1-2
Added Pin To Net: NetName=NetR1_2 Pin=U1-1
Added Net: Name=NetR1_2
Added Pin To Net: NetName=NetR6_2 Pin=R6-2
Added Pin To Net: NetName=NetR6_2 Pin=R9-1
Added Pin To Net: NetName=NetR6_2 Pin=U3-4
Added Net: Name=NetR6_2
Added Pin To Net: NetName=NetR8_1 Pin=R8-1
Added Pin To Net: NetName=NetR8_1 Pin=U3-3
Added Net: Name=NetR8_1
Added Pin To Net: NetName=NetR11_2 Pin=R11-2
Added Pin To Net: NetName=NetR11_2 Pin=R13-2
Added Net: Name=NetR11_2
Added Pin To Net: NetName=NetR12_2 Pin=R12-2
Added Pin To Net: NetName=NetR12_2 Pin=U2-1
Added Net: Name=NetR12_2
Added Pin To Net: NetName=PULSE Pin=P?-8
Added Pin To Net: NetName=PULSE Pin=U3-6
Added Net: Name=PULSE
Added Pin To Net: NetName=SCINT Pin=J1-4
Added Pin To Net: NetName=SCINT Pin=R12-1
Added Net: Name=SCINT
Added Member To Class: ClassName=Умножитель Member=Component J1 Micro-USB
Added Member To Class: ClassName=Умножитель Member=Component P? Header 4X2
Added Member To Class: ClassName=Умножитель Member=Component ФЭУ-? Header 7X2
