Removed Pin From Net: NetName=DINODE8 Pin=C3-1
Removed Pin From Net: NetName=DINODE8 Pin=C4-1
Removed Pin From Net: NetName=DINODE7 Pin=C6-1
Removed Pin From Net: NetName=DINODE8 Pin=C6-2
Removed Pin From Net: NetName=DINODE6 Pin=C8-1
Removed Pin From Net: NetName=DINODE7 Pin=C8-2
Removed Pin From Net: NetName=DINODE5 Pin=C10-1
Removed Pin From Net: NetName=DINODE6 Pin=C10-2
Removed Pin From Net: NetName=DINODE4 Pin=C12-1
Removed Pin From Net: NetName=DINODE5 Pin=C12-2
Removed Pin From Net: NetName=DINODE3 Pin=C14-1
Removed Pin From Net: NetName=DINODE4 Pin=C14-2
Removed Pin From Net: NetName=DINODE2 Pin=C16-1
Removed Pin From Net: NetName=DINODE3 Pin=C16-2
Removed Pin From Net: NetName=DINODE1 Pin=C18-1
Removed Pin From Net: NetName=DINODE2 Pin=C18-2
Removed Pin From Net: NetName=FOTOKAT Pin=C20-1
Removed Pin From Net: NetName=DINODE1 Pin=C20-2
Removed Pin From Net: NetName=DINODE8 Pin=D3-1
Removed Pin From Net: NetName=DINODE8 Pin=D4-2
Removed Pin From Net: NetName=DINODE7 Pin=D5-1
Removed Pin From Net: NetName=DINODE7 Pin=D6-2
Removed Pin From Net: NetName=DINODE6 Pin=D7-1
Removed Pin From Net: NetName=DINODE6 Pin=D8-2
Removed Pin From Net: NetName=DINODE5 Pin=D9-1
Removed Pin From Net: NetName=DINODE5 Pin=D10-2
Removed Pin From Net: NetName=DINODE4 Pin=D11-1
Removed Pin From Net: NetName=DINODE4 Pin=D12-2
Removed Pin From Net: NetName=DINODE3 Pin=D13-1
Removed Pin From Net: NetName=DINODE3 Pin=D14-2
Removed Pin From Net: NetName=DINODE2 Pin=D15-1
Removed Pin From Net: NetName=DINODE2 Pin=D16-2
Removed Pin From Net: NetName=DINODE1 Pin=D17-1
Removed Pin From Net: NetName=DINODE1 Pin=D18-2
Removed Pin From Net: NetName=FOTOKAT Pin=D19-1
Removed Member From Class: ClassName=FEU31_Part1 Member=C1
Removed Member From Class: ClassName=FEU31_Part1 Member=C2
Removed Member From Class: ClassName=FEU31_Part1 Member=C3
Removed Member From Class: ClassName=FEU31_Part1 Member=C4
Removed Member From Class: ClassName=FEU31_Part1 Member=C5
Removed Member From Class: ClassName=FEU31_Part1 Member=C6
Removed Member From Class: ClassName=FEU31_Part1 Member=C7
Removed Member From Class: ClassName=FEU31_Part1 Member=C8
Removed Member From Class: ClassName=FEU31_Part1 Member=C9
Removed Member From Class: ClassName=FEU31_Part1 Member=C10
Removed Member From Class: ClassName=FEU31_Part1 Member=C11
Removed Member From Class: ClassName=FEU31_Part1 Member=C12
Removed Member From Class: ClassName=FEU31_Part1 Member=C13
Removed Member From Class: ClassName=FEU31_Part1 Member=C14
Removed Member From Class: ClassName=FEU31_Part1 Member=C15
Removed Member From Class: ClassName=FEU31_Part1 Member=C16
Removed Member From Class: ClassName=FEU31_Part1 Member=C17
Removed Member From Class: ClassName=FEU31_Part1 Member=C18
Removed Member From Class: ClassName=FEU31_Part1 Member=C19
Removed Member From Class: ClassName=FEU31_Part1 Member=C20
Removed Member From Class: ClassName=FEU31_Part1 Member=D1
Removed Member From Class: ClassName=FEU31_Part1 Member=D2
Removed Member From Class: ClassName=FEU31_Part1 Member=D3
Removed Member From Class: ClassName=FEU31_Part1 Member=D4
Removed Member From Class: ClassName=FEU31_Part1 Member=D5
Removed Member From Class: ClassName=FEU31_Part1 Member=D6
Removed Member From Class: ClassName=FEU31_Part1 Member=D7
Removed Member From Class: ClassName=FEU31_Part1 Member=D8
Removed Member From Class: ClassName=FEU31_Part1 Member=D9
Removed Member From Class: ClassName=FEU31_Part1 Member=D10
Removed Member From Class: ClassName=FEU31_Part1 Member=D11
Removed Member From Class: ClassName=FEU31_Part1 Member=D12
Removed Member From Class: ClassName=FEU31_Part1 Member=D13
Removed Member From Class: ClassName=FEU31_Part1 Member=D14
Removed Member From Class: ClassName=FEU31_Part1 Member=D15
Removed Member From Class: ClassName=FEU31_Part1 Member=D16
Removed Member From Class: ClassName=FEU31_Part1 Member=D17
Removed Member From Class: ClassName=FEU31_Part1 Member=D18
Removed Member From Class: ClassName=FEU31_Part1 Member=D19
Removed Member From Class: ClassName=FEU31_Part1 Member=Power
