Removed Member From Class: ClassName=FEU31_Part2 Member=C65
Removed Member From Class: ClassName=FEU31_Part2 Member=C66
Removed Member From Class: ClassName=FEU31_Part2 Member=C67
Removed Member From Class: ClassName=FEU31_Part2 Member=C68
Removed Member From Class: ClassName=FEU31_Part2 Member=C69
Removed Member From Class: ClassName=FEU31_Part2 Member=C70
Removed Member From Class: ClassName=FEU31_Part2 Member=C71
Removed Member From Class: ClassName=FEU31_Part2 Member=C72
Removed Member From Class: ClassName=FEU31_Part2 Member=C73
Removed Member From Class: ClassName=FEU31_Part2 Member=C74
Removed Member From Class: ClassName=FEU31_Part2 Member=C75
Removed Member From Class: ClassName=FEU31_Part2 Member=C76
Removed Member From Class: ClassName=FEU31_Part2 Member=C77
Removed Member From Class: ClassName=FEU31_Part2 Member=C78
Removed Member From Class: ClassName=FEU31_Part2 Member=D30
Removed Member From Class: ClassName=FEU31_Part2 Member=D31
Removed Member From Class: ClassName=FEU31_Part2 Member=P1
Removed Member From Class: ClassName=FEU31_Part2 Member=R24
Removed Member From Class: ClassName=FEU31_Part2 Member=R25
Removed Member From Class: ClassName=FEU31_Part2 Member=R26
Removed Member From Class: ClassName=FEU31_Part2 Member=R27
Removed Member From Class: ClassName=FEU31_Part2 Member=R28
Removed Member From Class: ClassName=FEU31_Part2 Member=R29
Removed Member From Class: ClassName=FEU31_Part2 Member=R30
Removed Member From Class: ClassName=FEU31_Part2 Member=R31
Removed Member From Class: ClassName=FEU31_Part2 Member=U11
Removed Member From Class: ClassName=FEU31_Part2 Member=U12
Removed Member From Class: ClassName=FEU31_Part2 Member=U13
Added Member To Class: ClassName=FEU31_Part2 Member=Component C1 100pF
Added Member To Class: ClassName=FEU31_Part2 Member=Component C2 4.7uF
Added Member To Class: ClassName=FEU31_Part2 Member=Component C3 47uF
Added Member To Class: ClassName=FEU31_Part2 Member=Component C4 1uF
Added Member To Class: ClassName=FEU31_Part2 Member=Component C5 100nF
Added Member To Class: ClassName=FEU31_Part2 Member=Component C6 100nF
Added Member To Class: ClassName=FEU31_Part2 Member=Component C7 100nF
Added Member To Class: ClassName=FEU31_Part2 Member=Component C8 100nF
Added Member To Class: ClassName=FEU31_Part2 Member=Component C9 100nF
Added Member To Class: ClassName=FEU31_Part2 Member=Component C10 100nF
Added Member To Class: ClassName=FEU31_Part2 Member=Component C11 100nF
Added Member To Class: ClassName=FEU31_Part2 Member=Component C12 100nF
Added Member To Class: ClassName=FEU31_Part2 Member=Component C13 100nF
Added Member To Class: ClassName=FEU31_Part2 Member=Component C14 100nF
Added Member To Class: ClassName=FEU31_Part2 Member=Component D1 PMEG4010BEA
Added Member To Class: ClassName=FEU31_Part2 Member=Component D2 
Added Member To Class: ClassName=FEU31_Part2 Member=Component P2 SelHv
Added Member To Class: ClassName=FEU31_Part2 Member=Component R1 820R
Added Member To Class: ClassName=FEU31_Part2 Member=Component R2 100R
Added Member To Class: ClassName=FEU31_Part2 Member=Component R3 12R
Added Member To Class: ClassName=FEU31_Part2 Member=Component R4 100R
Added Member To Class: ClassName=FEU31_Part2 Member=Component R5 47k
Added Member To Class: ClassName=FEU31_Part2 Member=Component R6 47R
Added Member To Class: ClassName=FEU31_Part2 Member=Component R7 CDHVAF1G00G5000GET
Added Member To Class: ClassName=FEU31_Part2 Member=Component R8 MC4-1003JE
Added Member To Class: ClassName=FEU31_Part2 Member=Component U1 LTC1655CS8
Added Member To Class: ClassName=FEU31_Part2 Member=Component U2 LTC6240CS8
Added Member To Class: ClassName=FEU31_Part2 Member=Component U3 LTC6240CS8
