Removed Pin From Net: NetName=NetC4_2 Pin=U2-2
Removed Pin From Net: NetName=AGND Pin=U2-4
Removed Pin From Net: NetName=VDIGISENSCAN Pin=U2-6
Removed Pin From Net: NetName=+5ANALOG Pin=U2-7
Removed Pin From Net: NetName=AGND Pin=U3-1
Removed Pin From Net: NetName=NetR7_3 Pin=U3-2
Removed Pin From Net: NetName=AGND Pin=U3-4
Removed Pin From Net: NetName=VSENS Pin=U3-6
Removed Pin From Net: NetName=+5ANALOG Pin=U3-7
Removed Pin From Net: NetName=VSENS Pin=U3-8
Change Component Footprint: Designator=U2 Old Footprint=LT-S8-8_N New Footprint=LT-S5-5-TSOT-23_N
Change Component Footprint: Designator=U3 Old Footprint=LT-S8-8_N New Footprint=LT-S5-5-TSOT-23_N
Change Component Comment : Designator=U2 Old Comment=LTC6240CS8 New Comment=LTC6240CS5
Change Component Comment : Designator=U3 Old Comment=LTC6240CS8 New Comment=LTC6240CS5
Added Pin To Net: NetName=VDIGISENSCAN Pin=U2-1
Added Pin To Net: NetName=AGND Pin=U2-2
Added Pin To Net: NetName=NetC4_2 Pin=U2-4
Added Pin To Net: NetName=+5ANALOG Pin=U2-5
Added Pin To Net: NetName=VSENS Pin=U3-1
Added Pin To Net: NetName=AGND Pin=U3-2
Added Pin To Net: NetName=NetR7_3 Pin=U3-4
Added Pin To Net: NetName=+5ANALOG Pin=U3-5
