Removed Pin From Net: NetName=FOTOKAT Pin=R4-1
Removed Pin From Net: NetName=ANODE Pin=R6-2
Removed Member From Class: ClassName=FEU31_Part2 Member=C1
Removed Member From Class: ClassName=FEU31_Part2 Member=C2
Removed Member From Class: ClassName=FEU31_Part2 Member=C3
Removed Member From Class: ClassName=FEU31_Part2 Member=C4
Removed Member From Class: ClassName=FEU31_Part2 Member=C5
Removed Member From Class: ClassName=FEU31_Part2 Member=D1
Removed Member From Class: ClassName=FEU31_Part2 Member=D2
Removed Member From Class: ClassName=FEU31_Part2 Member=LX1
Removed Member From Class: ClassName=FEU31_Part2 Member=LX2
Removed Member From Class: ClassName=FEU31_Part2 Member=P2
Removed Member From Class: ClassName=FEU31_Part2 Member=Q1
Removed Member From Class: ClassName=FEU31_Part2 Member=R1
Removed Member From Class: ClassName=FEU31_Part2 Member=R2
Removed Member From Class: ClassName=FEU31_Part2 Member=R3
Removed Member From Class: ClassName=FEU31_Part2 Member=R4
Removed Member From Class: ClassName=FEU31_Part2 Member=R5
Removed Member From Class: ClassName=FEU31_Part2 Member=R6
Removed Member From Class: ClassName=FEU31_Part2 Member=R7
Removed Member From Class: ClassName=FEU31_Part2 Member=R8
Removed Member From Class: ClassName=FEU31_Part2 Member=R9
Removed Member From Class: ClassName=FEU31_Part2 Member=T1
Removed Member From Class: ClassName=FEU31_Part2 Member=U1
Removed Member From Class: ClassName=FEU31_Part2 Member=U2
