Removed Pin From Net: NetName=ANODE Pin=P2-3
Added Component: Designator=C2(1608[0603]_CAP)
Added Component: Designator=D2(ONSC-SOD-923-2-514AB-01_V)
Added Component: Designator=LX2(Resistor)
Added Component: Designator=R6(1608[0603]_RES)
Added Component: Designator=R7(1608[0603])
Added Component: Designator=U2(ADI-RJ-5_N)
Added Pin To Net: NetName=GND Pin=C2-2
Added Pin To Net: NetName=GND Pin=D2-2
Added Pin To Net: NetName=VCC Pin=LX2-1
Added Pin To Net: NetName=ANODE Pin=R6-2
Added Pin To Net: NetName=GND Pin=U2-2
Added Pin To Net: NetName=GND Pin=U2-3
Added Pin To Net: NetName=NetC2_1 Pin=C2-1
Added Pin To Net: NetName=NetC2_1 Pin=LX2-2
Added Pin To Net: NetName=NetC2_1 Pin=U2-5
Added Net: Name=NetC2_1
Added Pin To Net: NetName=NetD2_1 Pin=D2-1
Added Pin To Net: NetName=NetD2_1 Pin=R6-1
Added Pin To Net: NetName=NetD2_1 Pin=R7-1
Added Pin To Net: NetName=NetD2_1 Pin=U2-4
Added Net: Name=NetD2_1
Added Pin To Net: NetName=SIGOUT Pin=P2-3
Added Pin To Net: NetName=SIGOUT Pin=R7-2
Added Pin To Net: NetName=SIGOUT Pin=U2-1
Added Net: Name=SIGOUT
Added Member To Class: ClassName=FEU31_Part2 Member=Component C2 1uF
Added Member To Class: ClassName=FEU31_Part2 Member=Component D2 ESD9R3.3ST5G
Added Member To Class: ClassName=FEU31_Part2 Member=Component LX2 22uH
Added Member To Class: ClassName=FEU31_Part2 Member=Component R6 47k
Added Member To Class: ClassName=FEU31_Part2 Member=Component R7 3M
Added Member To Class: ClassName=FEU31_Part2 Member=Component U2 AD8515ARTZ
