Removed Pin From Net: NetName=UP1 Pin=C31-1
Removed Pin From Net: NetName=UP2 Pin=C32-1
Removed Pin From Net: NetName=UP1 Pin=C32-2
Removed Pin From Net: NetName=UP3 Pin=C33-1
Removed Pin From Net: NetName=UP2 Pin=C33-2
Removed Pin From Net: NetName=UP4 Pin=C34-1
Removed Pin From Net: NetName=UP3 Pin=C34-2
Removed Pin From Net: NetName=UP5 Pin=C35-1
Removed Pin From Net: NetName=UP4 Pin=C35-2
Removed Pin From Net: NetName=UP6 Pin=C36-1
Removed Pin From Net: NetName=UP5 Pin=C36-2
Removed Pin From Net: NetName=UP7 Pin=C37-1
Removed Pin From Net: NetName=UP6 Pin=C37-2
Removed Pin From Net: NetName=UP8 Pin=C38-1
Removed Pin From Net: NetName=UP7 Pin=C38-2
Removed Pin From Net: NetName=UP9 Pin=C39-1
Removed Pin From Net: NetName=UP8 Pin=C39-2
Removed Pin From Net: NetName=UP10 Pin=C40-1
Removed Pin From Net: NetName=UP9 Pin=C40-2
Removed Pin From Net: NetName=UP11 Pin=C41-1
Removed Pin From Net: NetName=UP10 Pin=C41-2
Removed Pin From Net: NetName=UP12 Pin=C42-1
Removed Pin From Net: NetName=UP11 Pin=C42-2
Removed Pin From Net: NetName=UP12 Pin=P2-1
Removed Pin From Net: NetName=UP4 Pin=R8-1
Removed Pin From Net: NetName=UP3 Pin=R8-2
Removed Pin From Net: NetName=UP2 Pin=R8-3
Removed Pin From Net: NetName=UP1 Pin=R8-4
Removed Pin From Net: NetName=UP8 Pin=R9-1
Removed Pin From Net: NetName=UP7 Pin=R9-2
Removed Pin From Net: NetName=UP6 Pin=R9-3
Removed Pin From Net: NetName=UP5 Pin=R9-4
Removed Pin From Net: NetName=UP9 Pin=R10-1
Removed Pin From Net: NetName=UP10 Pin=R10-2
Removed Pin From Net: NetName=UP11 Pin=R10-3
Removed Pin From Net: NetName=UP12 Pin=R10-4
Removed Pin From Net: NetName=ANODE Pin=R12-1
Removed Member From Class: ClassName=FEU31_Part2 Member=C1
Removed Member From Class: ClassName=FEU31_Part2 Member=C2
Removed Member From Class: ClassName=FEU31_Part2 Member=C3
Removed Member From Class: ClassName=FEU31_Part2 Member=C4
Removed Member From Class: ClassName=FEU31_Part2 Member=C5
Removed Member From Class: ClassName=FEU31_Part2 Member=C6
Removed Member From Class: ClassName=FEU31_Part2 Member=C7
Removed Member From Class: ClassName=FEU31_Part2 Member=C8
Removed Member From Class: ClassName=FEU31_Part2 Member=C9
Removed Member From Class: ClassName=FEU31_Part2 Member=C10
Removed Member From Class: ClassName=FEU31_Part2 Member=C11
Removed Member From Class: ClassName=FEU31_Part2 Member=C12
Removed Member From Class: ClassName=FEU31_Part2 Member=C13
Removed Member From Class: ClassName=FEU31_Part2 Member=C14
Removed Member From Class: ClassName=FEU31_Part2 Member=C15
Removed Member From Class: ClassName=FEU31_Part2 Member=C16
Removed Member From Class: ClassName=FEU31_Part2 Member=C17
Removed Member From Class: ClassName=FEU31_Part2 Member=C18
Removed Member From Class: ClassName=FEU31_Part2 Member=C19
Removed Member From Class: ClassName=FEU31_Part2 Member=C20
Removed Member From Class: ClassName=FEU31_Part2 Member=C21
Removed Member From Class: ClassName=FEU31_Part2 Member=C22
Removed Member From Class: ClassName=FEU31_Part2 Member=C23
Removed Member From Class: ClassName=FEU31_Part2 Member=C24
Removed Member From Class: ClassName=FEU31_Part2 Member=C25
Removed Member From Class: ClassName=FEU31_Part2 Member=C26
Removed Member From Class: ClassName=FEU31_Part2 Member=C27
Removed Member From Class: ClassName=FEU31_Part2 Member=C28
Removed Member From Class: ClassName=FEU31_Part2 Member=C29
Removed Member From Class: ClassName=FEU31_Part2 Member=C30
Removed Member From Class: ClassName=FEU31_Part2 Member=C31
Removed Member From Class: ClassName=FEU31_Part2 Member=C32
Removed Member From Class: ClassName=FEU31_Part2 Member=C33
Removed Member From Class: ClassName=FEU31_Part2 Member=C34
Removed Member From Class: ClassName=FEU31_Part2 Member=C35
Removed Member From Class: ClassName=FEU31_Part2 Member=C36
Removed Member From Class: ClassName=FEU31_Part2 Member=C37
Removed Member From Class: ClassName=FEU31_Part2 Member=C38
Removed Member From Class: ClassName=FEU31_Part2 Member=C39
Removed Member From Class: ClassName=FEU31_Part2 Member=C40
Removed Member From Class: ClassName=FEU31_Part2 Member=C41
Removed Member From Class: ClassName=FEU31_Part2 Member=C42
Removed Member From Class: ClassName=FEU31_Part2 Member=C43
Removed Member From Class: ClassName=FEU31_Part2 Member=C44
Removed Member From Class: ClassName=FEU31_Part2 Member=C45
Removed Member From Class: ClassName=FEU31_Part2 Member=C46
Removed Member From Class: ClassName=FEU31_Part2 Member=C47
Removed Member From Class: ClassName=FEU31_Part2 Member=C48
Removed Member From Class: ClassName=FEU31_Part2 Member=C49
Removed Member From Class: ClassName=FEU31_Part2 Member=C50
Removed Member From Class: ClassName=FEU31_Part2 Member=C51
Removed Member From Class: ClassName=FEU31_Part2 Member=C52
Removed Member From Class: ClassName=FEU31_Part2 Member=C53
Removed Member From Class: ClassName=FEU31_Part2 Member=C54
Removed Member From Class: ClassName=FEU31_Part2 Member=C55
Removed Member From Class: ClassName=FEU31_Part2 Member=C56
Removed Member From Class: ClassName=FEU31_Part2 Member=C57
Removed Member From Class: ClassName=FEU31_Part2 Member=C58
Removed Member From Class: ClassName=FEU31_Part2 Member=C59
Removed Member From Class: ClassName=FEU31_Part2 Member=C60
Removed Member From Class: ClassName=FEU31_Part2 Member=C61
Removed Member From Class: ClassName=FEU31_Part2 Member=C62
Removed Member From Class: ClassName=FEU31_Part2 Member=C63
Removed Member From Class: ClassName=FEU31_Part2 Member=C64
Removed Member From Class: ClassName=FEU31_Part2 Member=Clear_Charge
Removed Member From Class: ClassName=FEU31_Part2 Member=D1
Removed Member From Class: ClassName=FEU31_Part2 Member=D2
Removed Member From Class: ClassName=FEU31_Part2 Member=D3
Removed Member From Class: ClassName=FEU31_Part2 Member=D4
Removed Member From Class: ClassName=FEU31_Part2 Member=D5
Removed Member From Class: ClassName=FEU31_Part2 Member=D6
Removed Member From Class: ClassName=FEU31_Part2 Member=D7
Removed Member From Class: ClassName=FEU31_Part2 Member=D8
Removed Member From Class: ClassName=FEU31_Part2 Member=D9
Removed Member From Class: ClassName=FEU31_Part2 Member=D10
Removed Member From Class: ClassName=FEU31_Part2 Member=D11
Removed Member From Class: ClassName=FEU31_Part2 Member=D12
Removed Member From Class: ClassName=FEU31_Part2 Member=D13
Removed Member From Class: ClassName=FEU31_Part2 Member=D14
Removed Member From Class: ClassName=FEU31_Part2 Member=D15
Removed Member From Class: ClassName=FEU31_Part2 Member=D16
Removed Member From Class: ClassName=FEU31_Part2 Member=D17
Removed Member From Class: ClassName=FEU31_Part2 Member=D18
Removed Member From Class: ClassName=FEU31_Part2 Member=D19
Removed Member From Class: ClassName=FEU31_Part2 Member=D20
Removed Member From Class: ClassName=FEU31_Part2 Member=D21
Removed Member From Class: ClassName=FEU31_Part2 Member=D22
Removed Member From Class: ClassName=FEU31_Part2 Member=D23
Removed Member From Class: ClassName=FEU31_Part2 Member=D24
Removed Member From Class: ClassName=FEU31_Part2 Member=D25
Removed Member From Class: ClassName=FEU31_Part2 Member=D26
Removed Member From Class: ClassName=FEU31_Part2 Member=D27
Removed Member From Class: ClassName=FEU31_Part2 Member=D28
Removed Member From Class: ClassName=FEU31_Part2 Member=D29
Removed Member From Class: ClassName=FEU31_Part2 Member=ESD1
Removed Member From Class: ClassName=FEU31_Part2 Member=ESD2
Removed Member From Class: ClassName=FEU31_Part2 Member=ESD3
Removed Member From Class: ClassName=FEU31_Part2 Member=ESD4
Removed Member From Class: ClassName=FEU31_Part2 Member=ESD5
Removed Member From Class: ClassName=FEU31_Part2 Member=ESD6
Removed Member From Class: ClassName=FEU31_Part2 Member=ESD7
Removed Member From Class: ClassName=FEU31_Part2 Member=ESD8
Removed Member From Class: ClassName=FEU31_Part2 Member=Jumper1
Removed Member From Class: ClassName=FEU31_Part2 Member=Jumper2
Removed Member From Class: ClassName=FEU31_Part2 Member=Jumper
Removed Member From Class: ClassName=FEU31_Part2 Member=Max_Pulse
Removed Member From Class: ClassName=FEU31_Part2 Member=P1
Removed Member From Class: ClassName=FEU31_Part2 Member=P2
Removed Member From Class: ClassName=FEU31_Part2 Member=Pulse_sens
Removed Member From Class: ClassName=FEU31_Part2 Member=Pump
Removed Member From Class: ClassName=FEU31_Part2 Member=Q1
Removed Member From Class: ClassName=FEU31_Part2 Member=Q2
Removed Member From Class: ClassName=FEU31_Part2 Member=R1
Removed Member From Class: ClassName=FEU31_Part2 Member=R2
Removed Member From Class: ClassName=FEU31_Part2 Member=R3
Removed Member From Class: ClassName=FEU31_Part2 Member=R4
Removed Member From Class: ClassName=FEU31_Part2 Member=R5
Removed Member From Class: ClassName=FEU31_Part2 Member=R6
Removed Member From Class: ClassName=FEU31_Part2 Member=R7
Removed Member From Class: ClassName=FEU31_Part2 Member=R8
Removed Member From Class: ClassName=FEU31_Part2 Member=R9
Removed Member From Class: ClassName=FEU31_Part2 Member=R10
Removed Member From Class: ClassName=FEU31_Part2 Member=R11
Removed Member From Class: ClassName=FEU31_Part2 Member=R12
Removed Member From Class: ClassName=FEU31_Part2 Member=R13
Removed Member From Class: ClassName=FEU31_Part2 Member=R14
Removed Member From Class: ClassName=FEU31_Part2 Member=R15
Removed Member From Class: ClassName=FEU31_Part2 Member=R16
Removed Member From Class: ClassName=FEU31_Part2 Member=R17
Removed Member From Class: ClassName=FEU31_Part2 Member=R18
Removed Member From Class: ClassName=FEU31_Part2 Member=R19
Removed Member From Class: ClassName=FEU31_Part2 Member=R20
Removed Member From Class: ClassName=FEU31_Part2 Member=R21
Removed Member From Class: ClassName=FEU31_Part2 Member=R22
Removed Member From Class: ClassName=FEU31_Part2 Member=R23
Removed Member From Class: ClassName=FEU31_Part2 Member=T1
Removed Member From Class: ClassName=FEU31_Part2 Member=U1
Removed Member From Class: ClassName=FEU31_Part2 Member=U2
Removed Member From Class: ClassName=FEU31_Part2 Member=U3
Removed Member From Class: ClassName=FEU31_Part2 Member=U4
Removed Member From Class: ClassName=FEU31_Part2 Member=U5
Removed Member From Class: ClassName=FEU31_Part2 Member=U6
Removed Member From Class: ClassName=FEU31_Part2 Member=U7
Removed Member From Class: ClassName=FEU31_Part2 Member=U8
Removed Member From Class: ClassName=FEU31_Part2 Member=U9
Removed Member From Class: ClassName=FEU31_Part2 Member=U10
Removed Member From Class: ClassName=FEU31_Part2 Member=Vsens
