Removed Pin From Net: NetName=C_DIG1 Pin=U3-11
Removed Pin From Net: NetName=C_DIG2 Pin=U3-12
Removed Pin From Net: NetName=C_DIG3 Pin=U3-13
Removed Pin From Net: NetName=C_SEG_A Pin=U3-18
Removed Pin From Net: NetName=C_SEG_B Pin=U3-19
Removed Pin From Net: NetName=C_SEG_C Pin=U3-20
Removed Pin From Net: NetName=C_SEG_D Pin=U3-21
Removed Pin From Net: NetName=C_SEG_E Pin=U3-22
Removed Pin From Net: NetName=C_SEG_F Pin=U3-25
Removed Pin From Net: NetName=C_SEG_G Pin=U3-46
Added Pin To Net: NetName=C_SEG_F Pin=U3-11
Added Pin To Net: NetName=C_DIG1 Pin=U3-12
Added Pin To Net: NetName=C_SEG_C Pin=U3-13
Added Pin To Net: NetName=C_SEG_B Pin=U3-18
Added Pin To Net: NetName=C_DIG2 Pin=U3-19
Added Pin To Net: NetName=C_SEG_E Pin=U3-20
Added Pin To Net: NetName=C_SEG_A Pin=U3-21
Added Pin To Net: NetName=C_DIG3 Pin=U3-22
Added Pin To Net: NetName=C_SEG_G Pin=U3-25
Added Pin To Net: NetName=C_SEG_D Pin=U3-46
