Added Component: Designator=C10(1608[0603])
Added Component: Designator=C12(1608[0603])
Added Component: Designator=C15(0402 AVX)
Added Component: Designator=C16(0402 AVX)
Added Component: Designator=C17(0402 AVX)
Added Component: Designator=C18(1608[0603])
Added Component: Designator=C19(0402 AVX)
Added Component: Designator=C20(0402 AVX)
Added Component: Designator=C21(C1210)
Added Component: Designator=C22(C1210)
Added Component: Designator=C23(C1210)
Added Component: Designator=Q1(RUM002N05)
Added Component: Designator=Q2(RUM002N05)
Added Component: Designator=Q3(RUM002N05)
Added Component: Designator=Q4(RUM002N05)
Added Component: Designator=Q5(RUM002N05)
Added Component: Designator=Q6(RUM002N05)
Added Component: Designator=Q7(RUM002N05)
Added Component: Designator=Q8(RUM002N05)
Added Component: Designator=Q9(RUM002N05)
Added Component: Designator=Q10(RUM002N05)
Added Component: Designator=Q11(RUM002N05)
Added Component: Designator=Q12(RUM002N05)
Added Component: Designator=R1(6-0805_M)
Added Component: Designator=R9(1608[0603])
Added Component: Designator=R10(1608[0603])
Added Component: Designator=R11(1608[0603])
Added Component: Designator=R12(1608[0603])
Added Component: Designator=R13(1608[0603])
Added Component: Designator=R14(1608[0603])
Added Component: Designator=R15(1608[0603])
Added Component: Designator=R16(1608[0603])
Added Component: Designator=R21(1608[0603]_RES)
Added Component: Designator=U3(UFQFPN48)
Added Component: Designator=U6(DFN-10 (3x3))
Added Component: Designator=U7(ADI-RJ-5_N)
Added Component: Designator=Z1(PRQV8.00CR5010Y000)
Added Pin To Net: NetName=NetC10_1 Pin=C10-1
Added Pin To Net: NetName=GND Pin=C10-2
Added Pin To Net: NetName=NetC10_1 Pin=C12-1
Added Pin To Net: NetName=GND Pin=C12-2
Added Pin To Net: NetName=VCC Pin=C15-1
Added Pin To Net: NetName=GND Pin=C15-2
Added Pin To Net: NetName=VCC Pin=C16-1
Added Pin To Net: NetName=GND Pin=C16-2
Added Pin To Net: NetName=VCC Pin=C17-1
Added Pin To Net: NetName=GND Pin=C17-2
Added Pin To Net: NetName=VCC Pin=C18-1
Added Pin To Net: NetName=GND Pin=C18-2
Added Pin To Net: NetName=AVCC Pin=C19-1
Added Pin To Net: NetName=GND Pin=C19-2
Added Pin To Net: NetName=AVCC Pin=C20-1
Added Pin To Net: NetName=GND Pin=C20-2
Added Pin To Net: NetName=PUMP Pin=C21-1
Added Pin To Net: NetName=GND Pin=C21-2
Added Pin To Net: NetName=NetC22_1 Pin=C22-1
Added Pin To Net: NetName=GND Pin=C22-2
Added Pin To Net: NetName=AVCC Pin=C23-1
Added Pin To Net: NetName=GND Pin=C23-2
Added Pin To Net: NetName=C_SEG_A Pin=Q1-1
Added Pin To Net: NetName=GND Pin=Q1-2
Added Pin To Net: NetName=D_SEG_A Pin=Q1-3
Added Pin To Net: NetName=C_SEG_B Pin=Q2-1
Added Pin To Net: NetName=GND Pin=Q2-2
Added Pin To Net: NetName=D_SEG_B Pin=Q2-3
Added Pin To Net: NetName=C_SEG_C Pin=Q3-1
Added Pin To Net: NetName=GND Pin=Q3-2
Added Pin To Net: NetName=D_SEG_C Pin=Q3-3
Added Pin To Net: NetName=C_SEG_D Pin=Q4-1
Added Pin To Net: NetName=GND Pin=Q4-2
Added Pin To Net: NetName=D_SEG_D Pin=Q4-3
Added Pin To Net: NetName=C_SEG_E Pin=Q5-1
Added Pin To Net: NetName=GND Pin=Q5-2
Added Pin To Net: NetName=D_SEG_E Pin=Q5-3
Added Pin To Net: NetName=C_SEG_F Pin=Q6-1
Added Pin To Net: NetName=GND Pin=Q6-2
Added Pin To Net: NetName=D_SEG_F Pin=Q6-3
Added Pin To Net: NetName=C_SEG_G Pin=Q7-1
Added Pin To Net: NetName=GND Pin=Q7-2
Added Pin To Net: NetName=D_SEG_G Pin=Q7-3
Added Pin To Net: NetName=C_DIG1 Pin=Q8-1
Added Pin To Net: NetName=VCC Pin=Q8-2
Added Pin To Net: NetName=NetDS1_10 Pin=Q8-3
Added Pin To Net: NetName=C_DIG2 Pin=Q9-1
Added Pin To Net: NetName=VCC Pin=Q9-2
Added Pin To Net: NetName=NetDS1_8 Pin=Q9-3
Added Pin To Net: NetName=C_DIG3 Pin=Q10-1
Added Pin To Net: NetName=VCC Pin=Q10-2
Added Pin To Net: NetName=NetDS1_6 Pin=Q10-3
Added Pin To Net: NetName=SOUND Pin=Q11-1
Added Pin To Net: NetName=GND Pin=Q11-2
Added Pin To Net: NetName=NetQ11_3 Pin=Q11-3
Added Pin To Net: NetName=DAC_OUT_ON Pin=Q12-1
Added Pin To Net: NetName=NetC10_1 Pin=Q12-2
Added Pin To Net: NetName=AVCC Pin=Q12-3
Added Pin To Net: NetName=NetC22_1 Pin=R1-1
Added Pin To Net: NetName=GND Pin=R1-2
Added Pin To Net: NetName=NetDS1_5 Pin=R9-1
Added Pin To Net: NetName=D_SEG_G Pin=R9-2
Added Pin To Net: NetName=NetDS1_4 Pin=R10-1
Added Pin To Net: NetName=D_SEG_E Pin=R10-2
Added Pin To Net: NetName=NetDS1_2 Pin=R11-1
Added Pin To Net: NetName=D_SEG_C Pin=R11-2
Added Pin To Net: NetName=NetDS1_7 Pin=R12-1
Added Pin To Net: NetName=D_SEG_A Pin=R12-2
Added Pin To Net: NetName=NetDS1_9 Pin=R13-1
Added Pin To Net: NetName=D_SEG_B Pin=R13-2
Added Pin To Net: NetName=NetDS1_3 Pin=R14-1
Added Pin To Net: NetName=D_SEG_D Pin=R14-2
Added Pin To Net: NetName=NetDS1_1 Pin=R15-1
Added Pin To Net: NetName=D_SEG_F Pin=R15-2
Added Pin To Net: NetName=PW_ON Pin=R16-1
Added Pin To Net: NetName=GND Pin=R16-2
Added Pin To Net: NetName=USB_SIG_OUT Pin=R21-1
Added Pin To Net: NetName=NetR21_2 Pin=R21-2
Added Pin To Net: NetName=NetU3_5 Pin=U3-5
Added Pin To Net: NetName=NetU3_6 Pin=U3-6
Added Pin To Net: NetName=GND Pin=U3-8
Added Pin To Net: NetName=AVCC Pin=U3-9
Added Pin To Net: NetName=DAC_OUT_ON Pin=U3-10
Added Pin To Net: NetName=C_SEG_G Pin=U3-11
Added Pin To Net: NetName=C_DIG3 Pin=U3-12
Added Pin To Net: NetName=C_SEG_A Pin=U3-13
Added Pin To Net: NetName=DAC_OUT Pin=U3-14
Added Pin To Net: NetName=DAC_OUT2 Pin=U3-15
Added Pin To Net: NetName=SIGIN Pin=U3-16
Added Pin To Net: NetName=SOUND Pin=U3-17
Added Pin To Net: NetName=C_SEG_E Pin=U3-18
Added Pin To Net: NetName=C_DIG2 Pin=U3-19
Added Pin To Net: NetName=C_SEG_B Pin=U3-20
Added Pin To Net: NetName=C_SEG_C Pin=U3-21
Added Pin To Net: NetName=C_DIG1 Pin=U3-22
Added Pin To Net: NetName=GND Pin=U3-23
Added Pin To Net: NetName=VCC Pin=U3-24
Added Pin To Net: NetName=C_SEG_F Pin=U3-25
Added Pin To Net: NetName=SPI2_SCK Pin=U3-26
Added Pin To Net: NetName=SPI2_MISO Pin=U3-27
Added Pin To Net: NetName=SPI2_MOSI Pin=U3-28
Added Pin To Net: NetName=-DATA ESD Pin=U3-32
Added Pin To Net: NetName=+DATA ESD Pin=U3-33
Added Pin To Net: NetName=IO Pin=U3-34
Added Pin To Net: NetName=GND Pin=U3-35
Added Pin To Net: NetName=VCC Pin=U3-36
Added Pin To Net: NetName=CLK Pin=U3-37
Added Pin To Net: NetName=ADC START EXTI_15 Pin=U3-38
Added Pin To Net: NetName=VSENS Pin=U3-40
Added Pin To Net: NetName=GND Pin=U3-44
Added Pin To Net: NetName=C_SEG_D Pin=U3-46
Added Pin To Net: NetName=GND Pin=U3-47
Added Pin To Net: NetName=VCC Pin=U3-48
Added Pin To Net: NetName=GND Pin=U3-49
Added Pin To Net: NetName=PUMP Pin=U6-1
Added Pin To Net: NetName=PUMP Pin=U6-2
Added Pin To Net: NetName=PW_ON Pin=U6-3
Added Pin To Net: NetName=GND Pin=U6-5
Added Pin To Net: NetName=PW_ON Pin=U6-6
Added Pin To Net: NetName=NetC22_1 Pin=U6-7
Added Pin To Net: NetName=GND Pin=U6-8
Added Pin To Net: NetName=AVCC Pin=U6-9
Added Pin To Net: NetName=AVCC Pin=U6-10
Added Pin To Net: NetName=GND Pin=U6-11
Added Pin To Net: NetName=NetR21_2 Pin=U7-1
Added Pin To Net: NetName=GND Pin=U7-2
Added Pin To Net: NetName=DAC_OUT Pin=U7-3
Added Pin To Net: NetName=NetR21_2 Pin=U7-4
Added Pin To Net: NetName=NetC10_1 Pin=U7-5
Added Pin To Net: NetName=NetU3_6 Pin=Z1-1
Added Pin To Net: NetName=NetU3_5 Pin=Z1-2
Added Pin To Net: NetName=GND Pin=Z1-3
Added Member To Class: ClassName=FEU31_Part3 Member=Component C10 10nF
Added Member To Class: ClassName=FEU31_Part3 Member=Component C12 10uF
Added Member To Class: ClassName=FEU31_Part3 Member=Component C15 100nF
Added Member To Class: ClassName=FEU31_Part3 Member=Component C16 100nF
Added Member To Class: ClassName=FEU31_Part3 Member=Component C17 100nF
Added Member To Class: ClassName=FEU31_Part3 Member=Component C18 10uF
Added Member To Class: ClassName=FEU31_Part3 Member=Component C19 1uF
Added Member To Class: ClassName=FEU31_Part3 Member=Component C20 100nF
Added Member To Class: ClassName=FEU31_Part3 Member=Component C21 4.7uF
Added Member To Class: ClassName=FEU31_Part3 Member=Component C22 22uF
Added Member To Class: ClassName=FEU31_Part3 Member=Component C23 10uF
Added Member To Class: ClassName=FEU31_Part3 Member=Component Q1 RUM002N05T2L
Added Member To Class: ClassName=FEU31_Part3 Member=Component Q2 RUM002N05T2L
Added Member To Class: ClassName=FEU31_Part3 Member=Component Q3 RUM002N05T2L
Added Member To Class: ClassName=FEU31_Part3 Member=Component Q4 RUM002N05T2L
Added Member To Class: ClassName=FEU31_Part3 Member=Component Q5 RUM002N05T2L
Added Member To Class: ClassName=FEU31_Part3 Member=Component Q6 RUM002N05T2L
Added Member To Class: ClassName=FEU31_Part3 Member=Component Q7 RUM002N05T2L
Added Member To Class: ClassName=FEU31_Part3 Member=Component Q8 RZM002P02T2L
Added Member To Class: ClassName=FEU31_Part3 Member=Component Q9 RZM002P02T2L
Added Member To Class: ClassName=FEU31_Part3 Member=Component Q10 RZM002P02T2L
Added Member To Class: ClassName=FEU31_Part3 Member=Component Q11 RUM002N05T2L
Added Member To Class: ClassName=FEU31_Part3 Member=Component Q12 RZM002P02T2L
Added Member To Class: ClassName=FEU31_Part3 Member=Component R1 30.9k
Added Member To Class: ClassName=FEU31_Part3 Member=Component R9 90.9R
Added Member To Class: ClassName=FEU31_Part3 Member=Component R10 90.9R
Added Member To Class: ClassName=FEU31_Part3 Member=Component R11 90.9R
Added Member To Class: ClassName=FEU31_Part3 Member=Component R12 90.9R
Added Member To Class: ClassName=FEU31_Part3 Member=Component R13 90.9R
Added Member To Class: ClassName=FEU31_Part3 Member=Component R14 90.9R
Added Member To Class: ClassName=FEU31_Part3 Member=Component R15 90.9R
Added Member To Class: ClassName=FEU31_Part3 Member=Component R16 10k
Added Member To Class: ClassName=FEU31_Part3 Member=Component R21 6R
Added Member To Class: ClassName=FEU31_Part3 Member=Component U3 STM32L152CBU6
Added Member To Class: ClassName=FEU31_Part3 Member=Component U6 LT3045EDD
Added Member To Class: ClassName=FEU31_Part3 Member=Component U7 OPA353NA
Added Member To Class: ClassName=FEU31_Part3 Member=Component Z1 8MHZ_cap
