Removed Pin From Net: NetName=BAT Pin=C21-1
Removed Pin From Net: NetName=AGND Pin=C21-2
Removed Pin From Net: NetName=AGND Pin=C22-2
Removed Pin From Net: NetName=AGND Pin=C23-2
Removed Pin From Net: NetName=C_SEG_A Pin=Q1-1
Removed Pin From Net: NetName=GND Pin=Q1-2
Removed Pin From Net: NetName=C_SEG_B Pin=Q2-1
Removed Pin From Net: NetName=GND Pin=Q2-2
Removed Pin From Net: NetName=C_SEG_C Pin=Q3-1
Removed Pin From Net: NetName=GND Pin=Q3-2
Removed Pin From Net: NetName=C_SEG_D Pin=Q4-1
Removed Pin From Net: NetName=GND Pin=Q4-2
Removed Pin From Net: NetName=C_SEG_E Pin=Q5-1
Removed Pin From Net: NetName=GND Pin=Q5-2
Removed Pin From Net: NetName=C_SEG_F Pin=Q6-1
Removed Pin From Net: NetName=GND Pin=Q6-2
Removed Pin From Net: NetName=C_SEG_G Pin=Q7-1
Removed Pin From Net: NetName=GND Pin=Q7-2
Removed Pin From Net: NetName=AGND Pin=R1-2
Removed Pin From Net: NetName=AGND Pin=R23-1
Removed Pin From Net: NetName=GND Pin=R23-2
Removed Pin From Net: NetName=BAT Pin=U6-1
Removed Pin From Net: NetName=BAT Pin=U6-2
Removed Pin From Net: NetName=PW_ON Pin=U6-3
Removed Pin From Net: NetName=AGND Pin=U6-5
Removed Pin From Net: NetName=PW_ON Pin=U6-6
Removed Pin From Net: NetName=AGND Pin=U6-8
Removed Pin From Net: NetName=AGND Pin=U6-11
Removed Pin From Net: NetName=GND Pin=U10-4
Removed Member From Class: ClassName=FEU31_Part3 Member=C21
Removed Member From Class: ClassName=FEU31_Part3 Member=C22
Removed Member From Class: ClassName=FEU31_Part3 Member=C23
Removed Member From Class: ClassName=FEU31_Part3 Member=Q1
Removed Member From Class: ClassName=FEU31_Part3 Member=Q2
Removed Member From Class: ClassName=FEU31_Part3 Member=Q3
Removed Member From Class: ClassName=FEU31_Part3 Member=Q4
Removed Member From Class: ClassName=FEU31_Part3 Member=Q5
Removed Member From Class: ClassName=FEU31_Part3 Member=Q6
Removed Member From Class: ClassName=FEU31_Part3 Member=Q7
Removed Member From Class: ClassName=FEU31_Part3 Member=R1
Removed Member From Class: ClassName=FEU31_Part3 Member=R23
Removed Member From Class: ClassName=FEU31_Part3 Member=U6
Change Component Comment : Designator=U10 Old Comment=TPS78330DDCR New Comment=LP5907MFX-3.0
Added Pin To Net: NetName=VCC Pin=C9-1
Added Pin To Net: NetName=VCC Pin=C11-1
Added Pin To Net: NetName=VCC Pin=C13-1
Added Pin To Net: NetName=VCC Pin=C14-1
Added Pin To Net: NetName=VCC Pin=P2-4
Added Pin To Net: NetName=C_SEG_G Pin=R9-2
Added Pin To Net: NetName=C_SEG_E Pin=R10-2
Added Pin To Net: NetName=C_SEG_C Pin=R11-2
Added Pin To Net: NetName=C_SEG_A Pin=R12-2
Added Pin To Net: NetName=C_SEG_B Pin=R13-2
Added Pin To Net: NetName=C_SEG_D Pin=R14-2
Added Pin To Net: NetName=C_SEG_F Pin=R15-2
Added Pin To Net: NetName=VCC Pin=R17-2
Added Pin To Net: NetName=VCC Pin=U5-5
