Removed Pin From Net: NetName=AVCC Pin=C10-1
Removed Pin From Net: NetName=AGND Pin=C10-2
Removed Pin From Net: NetName=AVCC Pin=C12-1
Removed Pin From Net: NetName=AGND Pin=C12-2
Removed Pin From Net: NetName=+5 Pin=D1-1
Removed Pin From Net: NetName=PUMP Pin=D1-3
Removed Pin From Net: NetName=+5 Pin=Q13-1
Removed Pin From Net: NetName=GND Pin=Q13-2
Removed Pin From Net: NetName=PUMP Pin=Q14-2
Removed Pin From Net: NetName=PW_ON Pin=Q14-3
Removed Pin From Net: NetName=PUMP Pin=Q15-2
Removed Pin From Net: NetName=PW_ON Pin=Q15-3
Removed Pin From Net: NetName=MCU_POWER_HOLD Pin=Q16-1
Removed Pin From Net: NetName=PUMP Pin=Q16-2
Removed Pin From Net: NetName=PW_ON Pin=Q16-3
Removed Pin From Net: NetName=PUMP Pin=R2-2
Removed Pin From Net: NetName=PW_ON Pin=R16-1
Removed Pin From Net: NetName=GND Pin=R16-2
Removed Pin From Net: NetName=PUMP Pin=R19-2
Removed Pin From Net: NetName=MCU_POWER_HOLD Pin=R20-1
Removed Pin From Net: NetName=PUMP Pin=R20-2
Removed Pin From Net: NetName=USB_SIG_OUT Pin=R21-1
Removed Pin From Net: NetName=AGND Pin=U7-2
Removed Pin From Net: NetName=DAC_OUT Pin=U7-3
Removed Pin From Net: NetName=AVCC Pin=U7-5
Removed Pin From Net: NetName=PW_ON Pin=U10-3
Removed Member From Class: ClassName=FEU31_Part3 Member=C10
Removed Member From Class: ClassName=FEU31_Part3 Member=C12
Removed Member From Class: ClassName=FEU31_Part3 Member=D1
Removed Member From Class: ClassName=FEU31_Part3 Member=Q13
Removed Member From Class: ClassName=FEU31_Part3 Member=Q14
Removed Member From Class: ClassName=FEU31_Part3 Member=Q15
Removed Member From Class: ClassName=FEU31_Part3 Member=Q16
Removed Member From Class: ClassName=FEU31_Part3 Member=R2
Removed Member From Class: ClassName=FEU31_Part3 Member=R16
Removed Member From Class: ClassName=FEU31_Part3 Member=R19
Removed Member From Class: ClassName=FEU31_Part3 Member=R20
Removed Member From Class: ClassName=FEU31_Part3 Member=U7
Added Pin To Net: NetName=PUMP Pin=Batt+1-1
Added Pin To Net: NetName=PUMP Pin=R8-1
Added Pin To Net: NetName=DAC_OUT Pin=R21-1
Added Pin To Net: NetName=USB_SIG_OUT Pin=R21-2
Added Pin To Net: NetName=PUMP Pin=U2-3
Added Pin To Net: NetName=PUMP Pin=U10-3
Change Net Name : Old Net Name=PUMP New Net Name=BAT
Added Pin To Net: NetName=KEY Pin=Key-1
Added Pin To Net: NetName=KEY Pin=U3-45
Added Net: Name=KEY
