Removed Pin From Net: NetName=NetC42_1 Pin=P1-2
Removed Pin From Net: NetName=BAT Pin=P1-3
Removed Pin From Net: NetName=NetC39_1 Pin=P1-4
Removed Pin From Net: NetName=GND Pin=P1-6
Removed Pin From Net: NetName=NetP1_1 Pin=Q2-3
Change Component Footprint: Designator=P1 Old Footprint=HDR1X6 New Footprint=HDR1X7
Change Component Comment : Designator=P1 Old Comment=Header 6 New Comment=Header 7
Added Component: Designator=R15(1608[0603]_RES)
Added Pin To Net: NetName=NetC42_1 Pin=P1-3
Added Pin To Net: NetName=BAT Pin=P1-4
Added Pin To Net: NetName=NetC39_1 Pin=P1-5
Added Pin To Net: NetName=GND Pin=P1-7
Added Pin To Net: NetName=VCC Pin=R15-1
Added Pin To Net: NetName=NetP1_1 Pin=R15-2
Added Pin To Net: NetName=NetP1_2 Pin=P1-2
Added Pin To Net: NetName=NetP1_2 Pin=Q2-3
Added Net: Name=NetP1_2
Added Pin To Net: NetName=NetP1_6 Pin=P1-6
Added Pin To Net: NetName=NetP1_6 Pin=R19-2
Added Net: Name=NetP1_6
Added Member To Class: ClassName=Умножитель Member=Component R15 1K
