Removed Pin From Net: NetName=PUMP Pin=C1-2
Removed Pin From Net: NetName=DINODE8 Pin=C3-1
Removed Pin From Net: NetName=GND Pin=C3-2
Removed Pin From Net: NetName=DINODE8 Pin=C4-1
Removed Pin From Net: NetName=DINODE7 Pin=C6-1
Removed Pin From Net: NetName=DINODE8 Pin=C6-2
Removed Pin From Net: NetName=DINODE6 Pin=C8-1
Removed Pin From Net: NetName=DINODE7 Pin=C8-2
Removed Pin From Net: NetName=DINODE5 Pin=C10-1
Removed Pin From Net: NetName=DINODE6 Pin=C10-2
Removed Pin From Net: NetName=DINODE4 Pin=C12-1
Removed Pin From Net: NetName=DINODE5 Pin=C12-2
Removed Pin From Net: NetName=DINODE3 Pin=C14-1
Removed Pin From Net: NetName=DINODE4 Pin=C14-2
Removed Pin From Net: NetName=DINODE2 Pin=C16-1
Removed Pin From Net: NetName=DINODE3 Pin=C16-2
Removed Pin From Net: NetName=DINODE1 Pin=C18-1
Removed Pin From Net: NetName=DINODE2 Pin=C18-2
Removed Pin From Net: NetName=FOTOKAT Pin=C20-1
Removed Pin From Net: NetName=DINODE1 Pin=C20-2
Removed Pin From Net: NetName=GND Pin=D1-1
Removed Pin From Net: NetName=GND Pin=D2-2
Removed Pin From Net: NetName=DINODE8 Pin=D3-1
Removed Pin From Net: NetName=DINODE8 Pin=D4-2
Removed Pin From Net: NetName=DINODE7 Pin=D5-1
Removed Pin From Net: NetName=DINODE7 Pin=D6-2
Removed Pin From Net: NetName=DINODE6 Pin=D7-1
Removed Pin From Net: NetName=DINODE6 Pin=D8-2
Removed Pin From Net: NetName=DINODE5 Pin=D9-1
Removed Pin From Net: NetName=DINODE5 Pin=D10-2
Removed Pin From Net: NetName=DINODE4 Pin=D11-1
Removed Pin From Net: NetName=DINODE4 Pin=D12-2
Removed Pin From Net: NetName=DINODE3 Pin=D13-1
Removed Pin From Net: NetName=DINODE3 Pin=D14-2
Removed Pin From Net: NetName=DINODE2 Pin=D15-1
Removed Pin From Net: NetName=DINODE2 Pin=D16-2
Removed Pin From Net: NetName=DINODE1 Pin=D17-1
Removed Pin From Net: NetName=DINODE1 Pin=D18-2
Removed Pin From Net: NetName=FOTOKAT Pin=D19-1
Removed Member From Class: ClassName=FEU31_Part1 Member=C5
Removed Member From Class: ClassName=FEU31_Part1 Member=C6
Removed Member From Class: ClassName=FEU31_Part1 Member=C7
Removed Member From Class: ClassName=FEU31_Part1 Member=C8
Removed Member From Class: ClassName=FEU31_Part1 Member=C9
Removed Member From Class: ClassName=FEU31_Part1 Member=C10
Removed Member From Class: ClassName=FEU31_Part1 Member=C11
Removed Member From Class: ClassName=FEU31_Part1 Member=C12
Removed Member From Class: ClassName=FEU31_Part1 Member=C13
Removed Member From Class: ClassName=FEU31_Part1 Member=C14
Removed Member From Class: ClassName=FEU31_Part1 Member=C15
Removed Member From Class: ClassName=FEU31_Part1 Member=C16
Removed Member From Class: ClassName=FEU31_Part1 Member=C17
Removed Member From Class: ClassName=FEU31_Part1 Member=C18
Removed Member From Class: ClassName=FEU31_Part1 Member=C19
Removed Member From Class: ClassName=FEU31_Part1 Member=C20
Removed Member From Class: ClassName=FEU31_Part1 Member=D2
Removed Member From Class: ClassName=FEU31_Part1 Member=D3
Removed Member From Class: ClassName=FEU31_Part1 Member=D4
Removed Member From Class: ClassName=FEU31_Part1 Member=D5
Removed Member From Class: ClassName=FEU31_Part1 Member=D6
Removed Member From Class: ClassName=FEU31_Part1 Member=D7
Removed Member From Class: ClassName=FEU31_Part1 Member=D8
Removed Member From Class: ClassName=FEU31_Part1 Member=D9
Removed Member From Class: ClassName=FEU31_Part1 Member=D10
Removed Member From Class: ClassName=FEU31_Part1 Member=D11
Removed Member From Class: ClassName=FEU31_Part1 Member=D12
Removed Member From Class: ClassName=FEU31_Part1 Member=D13
Removed Member From Class: ClassName=FEU31_Part1 Member=D14
Removed Member From Class: ClassName=FEU31_Part1 Member=D15
Removed Member From Class: ClassName=FEU31_Part1 Member=D16
Removed Member From Class: ClassName=FEU31_Part1 Member=D17
Removed Member From Class: ClassName=FEU31_Part1 Member=D18
Removed Member From Class: ClassName=FEU31_Part1 Member=D19
Change Component Footprint: Designator=C3 Old Footprint=C1206 New Footprint=1608[0603]_CAP
Change Component Footprint: Designator=C4 Old Footprint=C1206 New Footprint=1608[0603]_CAP
Change Component Footprint: Designator=D1 Old Footprint=DA2JF8100L New Footprint=ONSC-SOD-923-2-514AB-01_V
Change Component Comment : Designator=D1 Old Comment= New Comment=ESD9R3.3ST5G
Change Component Comment : Designator=C4 Old Comment=100nF New Comment=1uF
Change Component Comment : Designator=C1 Old Comment=100nF New Comment=4.7uF
Change Component Comment : Designator=C2 Old Comment=100nF New Comment=4.7uF
Change Component Comment : Designator=C3 Old Comment=100nF New Comment=47pF
Change Component Designator: OldDesignator=Power NewDesignator=Power1
Added Component: Designator=*1(ATB322515-0110)
Added Component: Designator=LX1(Resistor)
Added Component: Designator=P2(HDR2X3)
Added Component: Designator=Q1(SOT-23_N)
Added Component: Designator=R1(1608[0603]_RES)
Added Component: Designator=R2(1608[0603]_RES)
Added Component: Designator=R3(1608[0603]_RES)
Added Component: Designator=R4(HVF2512T5007FE)
Added Component: Designator=R5(1608[0603])
Added Component: Designator=U1(ADI-RJ-5_N)
Added Pin To Net: NetName=PUMP Pin=*1-3
Added Pin To Net: NetName=GND Pin=C1-2
Added Pin To Net: NetName=GND Pin=C2-2
Added Pin To Net: NetName=GND Pin=D1-2
Added Pin To Net: NetName=GND Pin=P2-1
Added Pin To Net: NetName=ANODE Pin=P2-3
Added Pin To Net: NetName=GND Pin=P2-5
Added Pin To Net: NetName=GND Pin=Q1-2
Added Pin To Net: NetName=GND Pin=R2-1
Added Pin To Net: NetName=FOTOKAT Pin=R4-1
Added Pin To Net: NetName=GND Pin=U1-2
Added Pin To Net: NetName=Net*1_1 Pin=*1-1
Added Pin To Net: NetName=Net*1_1 Pin=C1-1
Added Pin To Net: NetName=Net*1_1 Pin=R3-1
Added Net: Name=Net*1_1
Added Pin To Net: NetName=Net*1_2 Pin=*1-2
Added Pin To Net: NetName=Net*1_2 Pin=*1-4
Added Pin To Net: NetName=Net*1_2 Pin=Q1-3
Added Net: Name=Net*1_2
Added Pin To Net: NetName=NetC3_1 Pin=C3-1
Added Pin To Net: NetName=NetC3_1 Pin=C4-1
Added Pin To Net: NetName=NetC3_1 Pin=LX1-2
Added Pin To Net: NetName=NetC3_1 Pin=R5-1
Added Pin To Net: NetName=NetC3_1 Pin=U1-5
Added Net: Name=NetC3_1
Added Pin To Net: NetName=NetC3_2 Pin=C3-2
Added Pin To Net: NetName=NetC3_2 Pin=D1-1
Added Pin To Net: NetName=NetC3_2 Pin=R4-2
Added Pin To Net: NetName=NetC3_2 Pin=R5-2
Added Pin To Net: NetName=NetC3_2 Pin=U1-3
Added Net: Name=NetC3_2
Added Pin To Net: NetName=NetQ1_1 Pin=Q1-1
Added Pin To Net: NetName=NetQ1_1 Pin=R1-2
Added Pin To Net: NetName=NetQ1_1 Pin=R2-2
Added Net: Name=NetQ1_1
Added Pin To Net: NetName=PULSE Pin=R1-1
Added Net: Name=PULSE
Added Pin To Net: NetName=VCC_BAT Pin=C2-1
Added Pin To Net: NetName=VCC_BAT Pin=P2-6
Added Pin To Net: NetName=VCC_BAT Pin=R3-2
Added Net: Name=VCC_BAT
Added Pin To Net: NetName=VCC Pin=LX1-1
Added Pin To Net: NetName=VCC Pin=P2-4
Added Net: Name=VCC
Added Pin To Net: NetName=VSENS Pin=P2-2
Added Pin To Net: NetName=VSENS Pin=U1-1
Added Pin To Net: NetName=VSENS Pin=U1-4
Added Net: Name=VSENS
Change Class Name : Old Net Name=FEU31_Part1 New Net Name=FEU31_Part2
Added Member To Class: ClassName=FEU31_Part2 Member=Component *1 ATB322515-0110
Added Member To Class: ClassName=FEU31_Part2 Member=Component LX1 22uH
Added Member To Class: ClassName=FEU31_Part2 Member=Component P2 Header 3X2
Added Member To Class: ClassName=FEU31_Part2 Member=Component Q1 IRLML6344
Added Member To Class: ClassName=FEU31_Part2 Member=Component R1 100R
Added Member To Class: ClassName=FEU31_Part2 Member=Component R2 47k
Added Member To Class: ClassName=FEU31_Part2 Member=Component R3 12R
Added Member To Class: ClassName=FEU31_Part2 Member=Component R4 5G
Added Member To Class: ClassName=FEU31_Part2 Member=Component R5 6,04M
Added Member To Class: ClassName=FEU31_Part2 Member=Component U1 AD8541ARTZ
Added Room: Name=FEU31_Part2
