Added Component: Designator=C1(C1206)
Added Component: Designator=C2(C1206)
Added Component: Designator=C3(1608[0603]_CAP)
Added Component: Designator=C4(1608[0603]_CAP)
Added Component: Designator=D1(ONSC-SOD-923-2-514AB-01_V)
Added Pin To Net: NetName=Net*1_1 Pin=C1-1
Added Pin To Net: NetName=GND Pin=C1-2
Added Pin To Net: NetName=VCC_BAT Pin=C2-1
Added Pin To Net: NetName=GND Pin=C2-2
Added Pin To Net: NetName=NetC3_1 Pin=C3-1
Added Pin To Net: NetName=NetC3_2 Pin=C3-2
Added Pin To Net: NetName=NetC3_1 Pin=C4-1
Added Pin To Net: NetName=GND Pin=C4-2
Added Pin To Net: NetName=NetC3_2 Pin=D1-1
Added Pin To Net: NetName=GND Pin=D1-2
Added Member To Class: ClassName=FEU31_Part2 Member=Component C1 4.7uF
Added Member To Class: ClassName=FEU31_Part2 Member=Component C2 4.7uF
Added Member To Class: ClassName=FEU31_Part2 Member=Component C3 47pF
Added Member To Class: ClassName=FEU31_Part2 Member=Component C4 1uF
Added Member To Class: ClassName=FEU31_Part2 Member=Component D1 ESD9R3.3ST5G
