Removed Pin From Net: NetName=NetC3_1 Pin=D1-1
Removed Pin From Net: NetName=GND Pin=D1-2
Removed Pin From Net: NetName=NetD2_1 Pin=D2-1
Removed Pin From Net: NetName=GND Pin=D2-2
Removed Pin From Net: NetName=GND Pin=U2-3
Added Component: Designator=C?(1608[0603]_CAP)
Added Component: Designator=R?(1608[0603])
Added Component: Designator=R?(1608[0603])
Added Pin To Net: NetName=GND Pin=C?-2
Added Pin To Net: NetName=GND Pin=D1-1
Added Pin To Net: NetName=NetC3_1 Pin=D1-2
Added Pin To Net: NetName=GND Pin=D2-1
Added Pin To Net: NetName=NetD2_1 Pin=D2-2
Added Pin To Net: NetName=GND Pin=R?-1
Added Pin To Net: NetName=NetC2_1 Pin=R?-2
Change Net Name : Old Net Name=NetD2_1 New Net Name=NetD2_2
Added Pin To Net: NetName=0,033Â Pin=C?-1
Added Pin To Net: NetName=0,033Â Pin=R?-1
Added Pin To Net: NetName=0,033Â Pin=R?-2
Added Pin To Net: NetName=0,033Â Pin=U2-3
Added Net: Name=0,033Â
Added Member To Class: ClassName=FEU31_Part2 Member=Component C? 100nF
Added Member To Class: ClassName=FEU31_Part2 Member=Component R? 470R
Added Member To Class: ClassName=FEU31_Part2 Member=Component R? 47K
